-- Found ament_cmake: 1.3.12 (/opt/ros/humble/share/ament_cmake/cmake)
-- Found rosidl_default_generators: 1.2.0 (/opt/ros/humble/share/rosidl_default_generators/cmake)
-- Using all available rosidl_typesupport_c: rosidl_typesupport_fastrtps_c;rosidl_typesupport_introspection_c
-- Found rosidl_adapter: 3.1.7 (/opt/ros/humble/share/rosidl_adapter/cmake)
-- Using all available rosidl_typesupport_cpp: rosidl_typesupport_fastrtps_cpp;rosidl_typesupport_introspection_cpp
-- Found ament_cmake_ros: 0.10.0 (/opt/ros/humble/share/ament_cmake_ros/cmake)
-- Using all available rosidl_typesupport_c: rosidl_typesupport_fastrtps_c;rosidl_typesupport_introspection_c
-- Using all available rosidl_typesupport_cpp: rosidl_typesupport_fastrtps_cpp;rosidl_typesupport_introspection_cpp
-- Found python_cmake_module: 0.10.0 (/opt/ros/humble/share/python_cmake_module/cmake)
-- Using PYTHON_EXECUTABLE: /usr/bin/python3
-- Using PYTHON_INCLUDE_DIRS: /usr/include/python3.10
-- Using PYTHON_LIBRARIES: /usr/lib/x86_64-linux-gnu/libpython3.10.so
-- Found ament_lint_auto: 0.12.14 (/opt/ros/humble/share/ament_lint_auto/cmake)
-- Added test 'lint_cmake' to check CMake code style
-- Added test 'xmllint' to check XML markup files
-- Configuring done
-- Generating done
-- Build files have been written to: /home/arcyfields/ros2/ros2_ws/build/rm_server
[  2%] [34m[1mGenerating C code for ROS interfaces[0m
[  5%] [34m[1mGenerating C++ code for ROS interfaces[0m
[  5%] Built target ament_cmake_python_copy_rm_server
running egg_info
writing rm_server.egg-info/PKG-INFO
writing dependency_links to rm_server.egg-info/dependency_links.txt
writing top-level names to rm_server.egg-info/top_level.txt
reading manifest file 'rm_server.egg-info/SOURCES.txt'
writing manifest file 'rm_server.egg-info/SOURCES.txt'
[  5%] Built target ament_cmake_python_build_rm_server_egg
[35m[1mConsolidate compiler generated dependencies of target rm_server__rosidl_generator_c[0m
[  5%] Built target rm_server__cpp
[  7%] [32mBuilding C object CMakeFiles/rm_server__rosidl_generator_c.dir/rosidl_generator_c/rm_server/srv/detail/el_gamal_encrypt__functions.c.o[0m
[ 10%] [32mBuilding C object CMakeFiles/rm_server__rosidl_generator_c.dir/rosidl_generator_c/rm_server/msg/detail/get_el_gamal_params__functions.c.o[0m
[ 12%] [34m[1mGenerating C++ type support dispatch for ROS interfaces[0m
[ 15%] [34m[1mGenerating C++ type support for eProsima Fast-RTPS[0m
[ 17%] [34m[1mGenerating C++ introspection for ROS interfaces[0m
[ 20%] [32m[1mLinking C shared library librm_server__rosidl_generator_c.so[0m
[ 20%] Built target rm_server__rosidl_generator_c
[ 23%] [34m[1mGenerating C type support for eProsima Fast-RTPS[0m
[ 28%] [34m[1mGenerating C introspection for ROS interfaces[0m
[ 28%] [34m[1mGenerating C type support dispatch for ROS interfaces[0m
[35m[1mConsolidate compiler generated dependencies of target rm_server__rosidl_typesupport_cpp[0m
[ 30%] [32mBuilding CXX object CMakeFiles/rm_server__rosidl_typesupport_cpp.dir/rosidl_typesupport_cpp/rm_server/msg/get_el_gamal_params__type_support.cpp.o[0m
[ 33%] [32mBuilding CXX object CMakeFiles/rm_server__rosidl_typesupport_cpp.dir/rosidl_typesupport_cpp/rm_server/srv/el_gamal_encrypt__type_support.cpp.o[0m
[35m[1mConsolidate compiler generated dependencies of target rm_server__rosidl_typesupport_introspection_cpp[0m
[35m[1mConsolidate compiler generated dependencies of target rm_server__rosidl_typesupport_fastrtps_cpp[0m
[ 35%] [32mBuilding CXX object CMakeFiles/rm_server__rosidl_typesupport_introspection_cpp.dir/rosidl_typesupport_introspection_cpp/rm_server/srv/detail/el_gamal_encrypt__type_support.cpp.o[0m
[ 38%] [32mBuilding CXX object CMakeFiles/rm_server__rosidl_typesupport_introspection_cpp.dir/rosidl_typesupport_introspection_cpp/rm_server/msg/detail/get_el_gamal_params__type_support.cpp.o[0m
[ 41%] [32mBuilding CXX object CMakeFiles/rm_server__rosidl_typesupport_fastrtps_cpp.dir/rosidl_typesupport_fastrtps_cpp/rm_server/msg/detail/dds_fastrtps/get_el_gamal_params__type_support.cpp.o[0m
[ 43%] [32mBuilding CXX object CMakeFiles/rm_server__rosidl_typesupport_fastrtps_cpp.dir/rosidl_typesupport_fastrtps_cpp/rm_server/srv/detail/dds_fastrtps/el_gamal_encrypt__type_support.cpp.o[0m
[35m[1mConsolidate compiler generated dependencies of target rm_server__rosidl_typesupport_c[0m
[ 46%] [32mBuilding CXX object CMakeFiles/rm_server__rosidl_typesupport_c.dir/rosidl_typesupport_c/rm_server/msg/get_el_gamal_params__type_support.cpp.o[0m
[ 48%] [32mBuilding CXX object CMakeFiles/rm_server__rosidl_typesupport_c.dir/rosidl_typesupport_c/rm_server/srv/el_gamal_encrypt__type_support.cpp.o[0m
[35m[1mConsolidate compiler generated dependencies of target rm_server__rosidl_typesupport_fastrtps_c[0m
[35m[1mConsolidate compiler generated dependencies of target rm_server__rosidl_typesupport_introspection_c[0m
[ 51%] [32mBuilding CXX object CMakeFiles/rm_server__rosidl_typesupport_fastrtps_c.dir/rosidl_typesupport_fastrtps_c/rm_server/msg/detail/get_el_gamal_params__type_support_c.cpp.o[0m
[ 53%] [32mBuilding CXX object CMakeFiles/rm_server__rosidl_typesupport_fastrtps_c.dir/rosidl_typesupport_fastrtps_c/rm_server/srv/detail/el_gamal_encrypt__type_support_c.cpp.o[0m
[ 58%] [32mBuilding C object CMakeFiles/rm_server__rosidl_typesupport_introspection_c.dir/rosidl_typesupport_introspection_c/rm_server/srv/detail/el_gamal_encrypt__type_support.c.o[0m
[ 58%] [32mBuilding C object CMakeFiles/rm_server__rosidl_typesupport_introspection_c.dir/rosidl_typesupport_introspection_c/rm_server/msg/detail/get_el_gamal_params__type_support.c.o[0m
[ 61%] [32m[1mLinking CXX shared library librm_server__rosidl_typesupport_c.so[0m
[ 64%] [32m[1mLinking C shared library librm_server__rosidl_typesupport_introspection_c.so[0m
[ 64%] Built target rm_server__rosidl_typesupport_c
[ 64%] Built target rm_server__rosidl_typesupport_introspection_c
[ 66%] [32m[1mLinking CXX shared library librm_server__rosidl_typesupport_cpp.so[0m
[ 66%] Built target rm_server__rosidl_typesupport_cpp
[ 69%] [32m[1mLinking CXX shared library librm_server__rosidl_typesupport_introspection_cpp.so[0m
[ 69%] Built target rm_server__rosidl_typesupport_introspection_cpp
[ 71%] [32m[1mLinking CXX shared library librm_server__rosidl_typesupport_fastrtps_c.so[0m
[ 74%] [32m[1mLinking CXX shared library librm_server__rosidl_typesupport_fastrtps_cpp.so[0m
[ 74%] Built target rm_server__rosidl_typesupport_fastrtps_c
[ 74%] Built target rm_server__rosidl_typesupport_fastrtps_cpp
[ 74%] Built target rm_server
[ 76%] [34m[1mGenerating Python code for ROS interfaces[0m
[ 76%] Built target rm_server__py
[35m[1mConsolidate compiler generated dependencies of target rm_server__rosidl_generator_py[0m
[ 79%] [32mBuilding C object CMakeFiles/rm_server__rosidl_generator_py.dir/rosidl_generator_py/rm_server/srv/_el_gamal_encrypt_s.c.o[0m
[ 82%] [32mBuilding C object CMakeFiles/rm_server__rosidl_generator_py.dir/rosidl_generator_py/rm_server/msg/_get_el_gamal_params_s.c.o[0m
[ 84%] [32m[1mLinking C shared library rosidl_generator_py/rm_server/librm_server__rosidl_generator_py.so[0m
[ 84%] Built target rm_server__rosidl_generator_py
[35m[1mConsolidate compiler generated dependencies of target rm_server__rosidl_typesupport_fastrtps_c__pyext[0m
[35m[1mConsolidate compiler generated dependencies of target rm_server__rosidl_typesupport_introspection_c__pyext[0m
[35m[1mConsolidate compiler generated dependencies of target rm_server__rosidl_typesupport_c__pyext[0m
[ 87%] [32mBuilding C object CMakeFiles/rm_server__rosidl_typesupport_introspection_c__pyext.dir/rosidl_generator_py/rm_server/_rm_server_s.ep.rosidl_typesupport_introspection_c.c.o[0m
[ 89%] [32mBuilding C object CMakeFiles/rm_server__rosidl_typesupport_fastrtps_c__pyext.dir/rosidl_generator_py/rm_server/_rm_server_s.ep.rosidl_typesupport_fastrtps_c.c.o[0m
[ 92%] [32mBuilding C object CMakeFiles/rm_server__rosidl_typesupport_c__pyext.dir/rosidl_generator_py/rm_server/_rm_server_s.ep.rosidl_typesupport_c.c.o[0m
[ 94%] [32m[1mLinking C shared library rosidl_generator_py/rm_server/rm_server_s__rosidl_typesupport_fastrtps_c.cpython-310-x86_64-linux-gnu.so[0m
[100%] [32m[1mLinking C shared library rosidl_generator_py/rm_server/rm_server_s__rosidl_typesupport_c.cpython-310-x86_64-linux-gnu.so[0m
[100%] [32m[1mLinking C shared library rosidl_generator_py/rm_server/rm_server_s__rosidl_typesupport_introspection_c.cpython-310-x86_64-linux-gnu.so[0m
[100%] Built target rm_server__rosidl_typesupport_fastrtps_c__pyext
[100%] Built target rm_server__rosidl_typesupport_introspection_c__pyext
[100%] Built target rm_server__rosidl_typesupport_c__pyext
-- Install configuration: ""
-- Installing: /home/arcyfields/ros2/ros2_ws/install/rm_server/share/ament_index/resource_index/rosidl_interfaces/rm_server
-- Up-to-date: /home/arcyfields/ros2/ros2_ws/install/rm_server/include/rm_server/rm_server
-- Installing: /home/arcyfields/ros2/ros2_ws/install/rm_server/include/rm_server/rm_server/srv
-- Installing: /home/arcyfields/ros2/ros2_ws/install/rm_server/include/rm_server/rm_server/srv/detail
-- Installing: /home/arcyfields/ros2/ros2_ws/install/rm_server/include/rm_server/rm_server/srv/detail/el_gamal_encrypt__struct.h
-- Installing: /home/arcyfields/ros2/ros2_ws/install/rm_server/include/rm_server/rm_server/srv/detail/el_gamal_encrypt__functions.h
-- Installing: /home/arcyfields/ros2/ros2_ws/install/rm_server/include/rm_server/rm_server/srv/detail/el_gamal_encrypt__functions.c
-- Installing: /home/arcyfields/ros2/ros2_ws/install/rm_server/include/rm_server/rm_server/srv/detail/el_gamal_encrypt__type_support.h
-- Installing: /home/arcyfields/ros2/ros2_ws/install/rm_server/include/rm_server/rm_server/srv/el_gamal_encrypt.h
-- Up-to-date: /home/arcyfields/ros2/ros2_ws/install/rm_server/include/rm_server/rm_server/msg
-- Installing: /home/arcyfields/ros2/ros2_ws/install/rm_server/include/rm_server/rm_server/msg/get_el_gamal_params.h
-- Up-to-date: /home/arcyfields/ros2/ros2_ws/install/rm_server/include/rm_server/rm_server/msg/detail
-- Installing: /home/arcyfields/ros2/ros2_ws/install/rm_server/include/rm_server/rm_server/msg/detail/get_el_gamal_params__functions.c
-- Installing: /home/arcyfields/ros2/ros2_ws/install/rm_server/include/rm_server/rm_server/msg/detail/get_el_gamal_params__functions.h
-- Installing: /home/arcyfields/ros2/ros2_ws/install/rm_server/include/rm_server/rm_server/msg/detail/get_el_gamal_params__type_support.h
-- Installing: /home/arcyfields/ros2/ros2_ws/install/rm_server/include/rm_server/rm_server/msg/detail/get_el_gamal_params__struct.h
-- Up-to-date: /home/arcyfields/ros2/ros2_ws/install/rm_server/include/rm_server/rm_server/msg/rosidl_generator_c__visibility_control.h
-- Up-to-date: /home/arcyfields/ros2/ros2_ws/install/rm_server/share/rm_server/environment/library_path.sh
-- Installing: /home/arcyfields/ros2/ros2_ws/install/rm_server/share/rm_server/environment/library_path.dsv
-- Installing: /home/arcyfields/ros2/ros2_ws/install/rm_server/lib/librm_server__rosidl_generator_c.so
-- Set runtime path of "/home/arcyfields/ros2/ros2_ws/install/rm_server/lib/librm_server__rosidl_generator_c.so" to ""
-- Up-to-date: /home/arcyfields/ros2/ros2_ws/install/rm_server/include/rm_server/rm_server
-- Up-to-date: /home/arcyfields/ros2/ros2_ws/install/rm_server/include/rm_server/rm_server/srv
-- Up-to-date: /home/arcyfields/ros2/ros2_ws/install/rm_server/include/rm_server/rm_server/srv/detail
-- Installing: /home/arcyfields/ros2/ros2_ws/install/rm_server/include/rm_server/rm_server/srv/detail/el_gamal_encrypt__rosidl_typesupport_fastrtps_c.h
-- Up-to-date: /home/arcyfields/ros2/ros2_ws/install/rm_server/include/rm_server/rm_server/msg
-- Up-to-date: /home/arcyfields/ros2/ros2_ws/install/rm_server/include/rm_server/rm_server/msg/rosidl_typesupport_fastrtps_c__visibility_control.h
-- Up-to-date: /home/arcyfields/ros2/ros2_ws/install/rm_server/include/rm_server/rm_server/msg/detail
-- Installing: /home/arcyfields/ros2/ros2_ws/install/rm_server/include/rm_server/rm_server/msg/detail/get_el_gamal_params__rosidl_typesupport_fastrtps_c.h
-- Installing: /home/arcyfields/ros2/ros2_ws/install/rm_server/lib/librm_server__rosidl_typesupport_fastrtps_c.so
-- Set runtime path of "/home/arcyfields/ros2/ros2_ws/install/rm_server/lib/librm_server__rosidl_typesupport_fastrtps_c.so" to ""
-- Up-to-date: /home/arcyfields/ros2/ros2_ws/install/rm_server/include/rm_server/rm_server
-- Up-to-date: /home/arcyfields/ros2/ros2_ws/install/rm_server/include/rm_server/rm_server/srv
-- Up-to-date: /home/arcyfields/ros2/ros2_ws/install/rm_server/include/rm_server/rm_server/srv/detail
-- Installing: /home/arcyfields/ros2/ros2_ws/install/rm_server/include/rm_server/rm_server/srv/detail/el_gamal_encrypt__type_support.c
-- Installing: /home/arcyfields/ros2/ros2_ws/install/rm_server/include/rm_server/rm_server/srv/detail/el_gamal_encrypt__rosidl_typesupport_introspection_c.h
-- Up-to-date: /home/arcyfields/ros2/ros2_ws/install/rm_server/include/rm_server/rm_server/msg
-- Up-to-date: /home/arcyfields/ros2/ros2_ws/install/rm_server/include/rm_server/rm_server/msg/rosidl_typesupport_introspection_c__visibility_control.h
-- Up-to-date: /home/arcyfields/ros2/ros2_ws/install/rm_server/include/rm_server/rm_server/msg/detail
-- Installing: /home/arcyfields/ros2/ros2_ws/install/rm_server/include/rm_server/rm_server/msg/detail/get_el_gamal_params__type_support.c
-- Installing: /home/arcyfields/ros2/ros2_ws/install/rm_server/include/rm_server/rm_server/msg/detail/get_el_gamal_params__rosidl_typesupport_introspection_c.h
-- Installing: /home/arcyfields/ros2/ros2_ws/install/rm_server/lib/librm_server__rosidl_typesupport_introspection_c.so
-- Set runtime path of "/home/arcyfields/ros2/ros2_ws/install/rm_server/lib/librm_server__rosidl_typesupport_introspection_c.so" to ""
-- Installing: /home/arcyfields/ros2/ros2_ws/install/rm_server/lib/librm_server__rosidl_typesupport_c.so
-- Set runtime path of "/home/arcyfields/ros2/ros2_ws/install/rm_server/lib/librm_server__rosidl_typesupport_c.so" to ""
-- Up-to-date: /home/arcyfields/ros2/ros2_ws/install/rm_server/include/rm_server/rm_server
-- Up-to-date: /home/arcyfields/ros2/ros2_ws/install/rm_server/include/rm_server/rm_server/srv
-- Up-to-date: /home/arcyfields/ros2/ros2_ws/install/rm_server/include/rm_server/rm_server/srv/detail
-- Installing: /home/arcyfields/ros2/ros2_ws/install/rm_server/include/rm_server/rm_server/srv/detail/el_gamal_encrypt__builder.hpp
-- Installing: /home/arcyfields/ros2/ros2_ws/install/rm_server/include/rm_server/rm_server/srv/detail/el_gamal_encrypt__traits.hpp
-- Installing: /home/arcyfields/ros2/ros2_ws/install/rm_server/include/rm_server/rm_server/srv/detail/el_gamal_encrypt__type_support.hpp
-- Installing: /home/arcyfields/ros2/ros2_ws/install/rm_server/include/rm_server/rm_server/srv/detail/el_gamal_encrypt__struct.hpp
-- Installing: /home/arcyfields/ros2/ros2_ws/install/rm_server/include/rm_server/rm_server/srv/el_gamal_encrypt.hpp
-- Up-to-date: /home/arcyfields/ros2/ros2_ws/install/rm_server/include/rm_server/rm_server/msg
-- Installing: /home/arcyfields/ros2/ros2_ws/install/rm_server/include/rm_server/rm_server/msg/get_el_gamal_params.hpp
-- Up-to-date: /home/arcyfields/ros2/ros2_ws/install/rm_server/include/rm_server/rm_server/msg/detail
-- Installing: /home/arcyfields/ros2/ros2_ws/install/rm_server/include/rm_server/rm_server/msg/detail/get_el_gamal_params__type_support.hpp
-- Installing: /home/arcyfields/ros2/ros2_ws/install/rm_server/include/rm_server/rm_server/msg/detail/get_el_gamal_params__traits.hpp
-- Installing: /home/arcyfields/ros2/ros2_ws/install/rm_server/include/rm_server/rm_server/msg/detail/get_el_gamal_params__builder.hpp
-- Installing: /home/arcyfields/ros2/ros2_ws/install/rm_server/include/rm_server/rm_server/msg/detail/get_el_gamal_params__struct.hpp
-- Up-to-date: /home/arcyfields/ros2/ros2_ws/install/rm_server/include/rm_server/rm_server/msg/rosidl_generator_cpp__visibility_control.hpp
-- Up-to-date: /home/arcyfields/ros2/ros2_ws/install/rm_server/include/rm_server/rm_server
-- Up-to-date: /home/arcyfields/ros2/ros2_ws/install/rm_server/include/rm_server/rm_server/srv
-- Up-to-date: /home/arcyfields/ros2/ros2_ws/install/rm_server/include/rm_server/rm_server/srv/detail
-- Installing: /home/arcyfields/ros2/ros2_ws/install/rm_server/include/rm_server/rm_server/srv/detail/el_gamal_encrypt__rosidl_typesupport_fastrtps_cpp.hpp
-- Installing: /home/arcyfields/ros2/ros2_ws/install/rm_server/include/rm_server/rm_server/srv/detail/dds_fastrtps
-- Up-to-date: /home/arcyfields/ros2/ros2_ws/install/rm_server/include/rm_server/rm_server/msg
-- Up-to-date: /home/arcyfields/ros2/ros2_ws/install/rm_server/include/rm_server/rm_server/msg/detail
-- Installing: /home/arcyfields/ros2/ros2_ws/install/rm_server/include/rm_server/rm_server/msg/detail/get_el_gamal_params__rosidl_typesupport_fastrtps_cpp.hpp
-- Up-to-date: /home/arcyfields/ros2/ros2_ws/install/rm_server/include/rm_server/rm_server/msg/detail/dds_fastrtps
-- Up-to-date: /home/arcyfields/ros2/ros2_ws/install/rm_server/include/rm_server/rm_server/msg/rosidl_typesupport_fastrtps_cpp__visibility_control.h
-- Installing: /home/arcyfields/ros2/ros2_ws/install/rm_server/lib/librm_server__rosidl_typesupport_fastrtps_cpp.so
-- Set runtime path of "/home/arcyfields/ros2/ros2_ws/install/rm_server/lib/librm_server__rosidl_typesupport_fastrtps_cpp.so" to ""
-- Up-to-date: /home/arcyfields/ros2/ros2_ws/install/rm_server/include/rm_server/rm_server
-- Up-to-date: /home/arcyfields/ros2/ros2_ws/install/rm_server/include/rm_server/rm_server/srv
-- Up-to-date: /home/arcyfields/ros2/ros2_ws/install/rm_server/include/rm_server/rm_server/srv/detail
-- Installing: /home/arcyfields/ros2/ros2_ws/install/rm_server/include/rm_server/rm_server/srv/detail/el_gamal_encrypt__type_support.cpp
-- Installing: /home/arcyfields/ros2/ros2_ws/install/rm_server/include/rm_server/rm_server/srv/detail/el_gamal_encrypt__rosidl_typesupport_introspection_cpp.hpp
-- Up-to-date: /home/arcyfields/ros2/ros2_ws/install/rm_server/include/rm_server/rm_server/msg
-- Up-to-date: /home/arcyfields/ros2/ros2_ws/install/rm_server/include/rm_server/rm_server/msg/detail
-- Installing: /home/arcyfields/ros2/ros2_ws/install/rm_server/include/rm_server/rm_server/msg/detail/get_el_gamal_params__rosidl_typesupport_introspection_cpp.hpp
-- Installing: /home/arcyfields/ros2/ros2_ws/install/rm_server/include/rm_server/rm_server/msg/detail/get_el_gamal_params__type_support.cpp
-- Installing: /home/arcyfields/ros2/ros2_ws/install/rm_server/lib/librm_server__rosidl_typesupport_introspection_cpp.so
-- Set runtime path of "/home/arcyfields/ros2/ros2_ws/install/rm_server/lib/librm_server__rosidl_typesupport_introspection_cpp.so" to ""
-- Installing: /home/arcyfields/ros2/ros2_ws/install/rm_server/lib/librm_server__rosidl_typesupport_cpp.so
-- Set runtime path of "/home/arcyfields/ros2/ros2_ws/install/rm_server/lib/librm_server__rosidl_typesupport_cpp.so" to ""
-- Up-to-date: /home/arcyfields/ros2/ros2_ws/install/rm_server/share/rm_server/environment/pythonpath.sh
-- Installing: /home/arcyfields/ros2/ros2_ws/install/rm_server/share/rm_server/environment/pythonpath.dsv
-- Up-to-date: /home/arcyfields/ros2/ros2_ws/install/rm_server/local/lib/python3.10/dist-packages/rm_server-0.0.0-py3.10.egg-info
-- Installing: /home/arcyfields/ros2/ros2_ws/install/rm_server/local/lib/python3.10/dist-packages/rm_server-0.0.0-py3.10.egg-info/PKG-INFO
-- Installing: /home/arcyfields/ros2/ros2_ws/install/rm_server/local/lib/python3.10/dist-packages/rm_server-0.0.0-py3.10.egg-info/dependency_links.txt
-- Installing: /home/arcyfields/ros2/ros2_ws/install/rm_server/local/lib/python3.10/dist-packages/rm_server-0.0.0-py3.10.egg-info/top_level.txt
-- Installing: /home/arcyfields/ros2/ros2_ws/install/rm_server/local/lib/python3.10/dist-packages/rm_server-0.0.0-py3.10.egg-info/SOURCES.txt
-- Up-to-date: /home/arcyfields/ros2/ros2_ws/install/rm_server/local/lib/python3.10/dist-packages/rm_server
-- Installing: /home/arcyfields/ros2/ros2_ws/install/rm_server/local/lib/python3.10/dist-packages/rm_server/__init__.py
-- Installing: /home/arcyfields/ros2/ros2_ws/install/rm_server/local/lib/python3.10/dist-packages/rm_server/_rm_server_s.ep.rosidl_typesupport_c.c
-- Installing: /home/arcyfields/ros2/ros2_ws/install/rm_server/local/lib/python3.10/dist-packages/rm_server/_rm_server_s.ep.rosidl_typesupport_fastrtps_c.c
-- Installing: /home/arcyfields/ros2/ros2_ws/install/rm_server/local/lib/python3.10/dist-packages/rm_server/rm_server_s__rosidl_typesupport_c.cpython-310-x86_64-linux-gnu.so
-- Installing: /home/arcyfields/ros2/ros2_ws/install/rm_server/local/lib/python3.10/dist-packages/rm_server/_rm_server_s.ep.rosidl_typesupport_introspection_c.c
-- Installing: /home/arcyfields/ros2/ros2_ws/install/rm_server/local/lib/python3.10/dist-packages/rm_server/srv
-- Installing: /home/arcyfields/ros2/ros2_ws/install/rm_server/local/lib/python3.10/dist-packages/rm_server/srv/_el_gamal_encrypt_s.c
-- Installing: /home/arcyfields/ros2/ros2_ws/install/rm_server/local/lib/python3.10/dist-packages/rm_server/srv/__init__.py
-- Installing: /home/arcyfields/ros2/ros2_ws/install/rm_server/local/lib/python3.10/dist-packages/rm_server/srv/_el_gamal_encrypt.py
-- Installing: /home/arcyfields/ros2/ros2_ws/install/rm_server/local/lib/python3.10/dist-packages/rm_server/rm_server_s__rosidl_typesupport_fastrtps_c.cpython-310-x86_64-linux-gnu.so
-- Installing: /home/arcyfields/ros2/ros2_ws/install/rm_server/local/lib/python3.10/dist-packages/rm_server/librm_server__rosidl_generator_py.so
-- Up-to-date: /home/arcyfields/ros2/ros2_ws/install/rm_server/local/lib/python3.10/dist-packages/rm_server/msg
-- Installing: /home/arcyfields/ros2/ros2_ws/install/rm_server/local/lib/python3.10/dist-packages/rm_server/msg/__init__.py
-- Installing: /home/arcyfields/ros2/ros2_ws/install/rm_server/local/lib/python3.10/dist-packages/rm_server/msg/_get_el_gamal_params.py
-- Installing: /home/arcyfields/ros2/ros2_ws/install/rm_server/local/lib/python3.10/dist-packages/rm_server/msg/_get_el_gamal_params_s.c
-- Installing: /home/arcyfields/ros2/ros2_ws/install/rm_server/local/lib/python3.10/dist-packages/rm_server/rm_server_s__rosidl_typesupport_introspection_c.cpython-310-x86_64-linux-gnu.so
Listing '/home/arcyfields/ros2/ros2_ws/install/rm_server/local/lib/python3.10/dist-packages/rm_server'...
Compiling '/home/arcyfields/ros2/ros2_ws/install/rm_server/local/lib/python3.10/dist-packages/rm_server/__init__.py'...
Listing '/home/arcyfields/ros2/ros2_ws/install/rm_server/local/lib/python3.10/dist-packages/rm_server/msg'...
Compiling '/home/arcyfields/ros2/ros2_ws/install/rm_server/local/lib/python3.10/dist-packages/rm_server/msg/__init__.py'...
Compiling '/home/arcyfields/ros2/ros2_ws/install/rm_server/local/lib/python3.10/dist-packages/rm_server/msg/_get_el_gamal_params.py'...
Listing '/home/arcyfields/ros2/ros2_ws/install/rm_server/local/lib/python3.10/dist-packages/rm_server/srv'...
Compiling '/home/arcyfields/ros2/ros2_ws/install/rm_server/local/lib/python3.10/dist-packages/rm_server/srv/__init__.py'...
Compiling '/home/arcyfields/ros2/ros2_ws/install/rm_server/local/lib/python3.10/dist-packages/rm_server/srv/_el_gamal_encrypt.py'...
-- Installing: /home/arcyfields/ros2/ros2_ws/install/rm_server/local/lib/python3.10/dist-packages/rm_server/rm_server_s__rosidl_typesupport_fastrtps_c.cpython-310-x86_64-linux-gnu.so
-- Set runtime path of "/home/arcyfields/ros2/ros2_ws/install/rm_server/local/lib/python3.10/dist-packages/rm_server/rm_server_s__rosidl_typesupport_fastrtps_c.cpython-310-x86_64-linux-gnu.so" to ""
-- Installing: /home/arcyfields/ros2/ros2_ws/install/rm_server/local/lib/python3.10/dist-packages/rm_server/rm_server_s__rosidl_typesupport_introspection_c.cpython-310-x86_64-linux-gnu.so
-- Set runtime path of "/home/arcyfields/ros2/ros2_ws/install/rm_server/local/lib/python3.10/dist-packages/rm_server/rm_server_s__rosidl_typesupport_introspection_c.cpython-310-x86_64-linux-gnu.so" to ""
-- Installing: /home/arcyfields/ros2/ros2_ws/install/rm_server/local/lib/python3.10/dist-packages/rm_server/rm_server_s__rosidl_typesupport_c.cpython-310-x86_64-linux-gnu.so
-- Set runtime path of "/home/arcyfields/ros2/ros2_ws/install/rm_server/local/lib/python3.10/dist-packages/rm_server/rm_server_s__rosidl_typesupport_c.cpython-310-x86_64-linux-gnu.so" to ""
-- Installing: /home/arcyfields/ros2/ros2_ws/install/rm_server/lib/librm_server__rosidl_generator_py.so
-- Set runtime path of "/home/arcyfields/ros2/ros2_ws/install/rm_server/lib/librm_server__rosidl_generator_py.so" to ""
-- Up-to-date: /home/arcyfields/ros2/ros2_ws/install/rm_server/share/rm_server/msg/GetElGamalParams.idl
-- Installing: /home/arcyfields/ros2/ros2_ws/install/rm_server/share/rm_server/srv/ElGamalEncrypt.idl
-- Up-to-date: /home/arcyfields/ros2/ros2_ws/install/rm_server/share/rm_server/msg/GetElGamalParams.msg
-- Installing: /home/arcyfields/ros2/ros2_ws/install/rm_server/share/rm_server/srv/ElGamalEncrypt.srv
-- Installing: /home/arcyfields/ros2/ros2_ws/install/rm_server/share/rm_server/srv/ElGamalEncrypt_Request.msg
-- Installing: /home/arcyfields/ros2/ros2_ws/install/rm_server/share/rm_server/srv/ElGamalEncrypt_Response.msg
-- Up-to-date: /home/arcyfields/ros2/ros2_ws/install/rm_server/share/ament_index/resource_index/package_run_dependencies/rm_server
-- Installing: /home/arcyfields/ros2/ros2_ws/install/rm_server/share/ament_index/resource_index/parent_prefix_path/rm_server
-- Up-to-date: /home/arcyfields/ros2/ros2_ws/install/rm_server/share/rm_server/environment/ament_prefix_path.sh
-- Installing: /home/arcyfields/ros2/ros2_ws/install/rm_server/share/rm_server/environment/ament_prefix_path.dsv
-- Up-to-date: /home/arcyfields/ros2/ros2_ws/install/rm_server/share/rm_server/environment/path.sh
-- Installing: /home/arcyfields/ros2/ros2_ws/install/rm_server/share/rm_server/environment/path.dsv
-- Up-to-date: /home/arcyfields/ros2/ros2_ws/install/rm_server/share/rm_server/local_setup.bash
-- Up-to-date: /home/arcyfields/ros2/ros2_ws/install/rm_server/share/rm_server/local_setup.sh
-- Up-to-date: /home/arcyfields/ros2/ros2_ws/install/rm_server/share/rm_server/local_setup.zsh
-- Installing: /home/arcyfields/ros2/ros2_ws/install/rm_server/share/rm_server/local_setup.dsv
-- Installing: /home/arcyfields/ros2/ros2_ws/install/rm_server/share/rm_server/package.dsv
-- Up-to-date: /home/arcyfields/ros2/ros2_ws/install/rm_server/share/ament_index/resource_index/packages/rm_server
-- Up-to-date: /home/arcyfields/ros2/ros2_ws/install/rm_server/share/rm_server/cmake/export_rm_server__rosidl_generator_cExport.cmake
-- Up-to-date: /home/arcyfields/ros2/ros2_ws/install/rm_server/share/rm_server/cmake/export_rm_server__rosidl_generator_cExport-noconfig.cmake
-- Up-to-date: /home/arcyfields/ros2/ros2_ws/install/rm_server/share/rm_server/cmake/export_rm_server__rosidl_typesupport_fastrtps_cExport.cmake
-- Up-to-date: /home/arcyfields/ros2/ros2_ws/install/rm_server/share/rm_server/cmake/export_rm_server__rosidl_typesupport_fastrtps_cExport-noconfig.cmake
-- Up-to-date: /home/arcyfields/ros2/ros2_ws/install/rm_server/share/rm_server/cmake/rm_server__rosidl_typesupport_introspection_cExport.cmake
-- Up-to-date: /home/arcyfields/ros2/ros2_ws/install/rm_server/share/rm_server/cmake/rm_server__rosidl_typesupport_introspection_cExport-noconfig.cmake
-- Up-to-date: /home/arcyfields/ros2/ros2_ws/install/rm_server/share/rm_server/cmake/rm_server__rosidl_typesupport_cExport.cmake
-- Up-to-date: /home/arcyfields/ros2/ros2_ws/install/rm_server/share/rm_server/cmake/rm_server__rosidl_typesupport_cExport-noconfig.cmake
-- Up-to-date: /home/arcyfields/ros2/ros2_ws/install/rm_server/share/rm_server/cmake/export_rm_server__rosidl_generator_cppExport.cmake
-- Up-to-date: /home/arcyfields/ros2/ros2_ws/install/rm_server/share/rm_server/cmake/export_rm_server__rosidl_typesupport_fastrtps_cppExport.cmake
-- Up-to-date: /home/arcyfields/ros2/ros2_ws/install/rm_server/share/rm_server/cmake/export_rm_server__rosidl_typesupport_fastrtps_cppExport-noconfig.cmake
-- Up-to-date: /home/arcyfields/ros2/ros2_ws/install/rm_server/share/rm_server/cmake/rm_server__rosidl_typesupport_introspection_cppExport.cmake
-- Up-to-date: /home/arcyfields/ros2/ros2_ws/install/rm_server/share/rm_server/cmake/rm_server__rosidl_typesupport_introspection_cppExport-noconfig.cmake
-- Up-to-date: /home/arcyfields/ros2/ros2_ws/install/rm_server/share/rm_server/cmake/rm_server__rosidl_typesupport_cppExport.cmake
-- Up-to-date: /home/arcyfields/ros2/ros2_ws/install/rm_server/share/rm_server/cmake/rm_server__rosidl_typesupport_cppExport-noconfig.cmake
-- Up-to-date: /home/arcyfields/ros2/ros2_ws/install/rm_server/share/rm_server/cmake/export_rm_server__rosidl_generator_pyExport.cmake
-- Up-to-date: /home/arcyfields/ros2/ros2_ws/install/rm_server/share/rm_server/cmake/export_rm_server__rosidl_generator_pyExport-noconfig.cmake
-- Installing: /home/arcyfields/ros2/ros2_ws/install/rm_server/share/rm_server/cmake/rosidl_cmake-extras.cmake
-- Up-to-date: /home/arcyfields/ros2/ros2_ws/install/rm_server/share/rm_server/cmake/ament_cmake_export_include_directories-extras.cmake
-- Up-to-date: /home/arcyfields/ros2/ros2_ws/install/rm_server/share/rm_server/cmake/ament_cmake_export_libraries-extras.cmake
-- Up-to-date: /home/arcyfields/ros2/ros2_ws/install/rm_server/share/rm_server/cmake/ament_cmake_export_targets-extras.cmake
-- Up-to-date: /home/arcyfields/ros2/ros2_ws/install/rm_server/share/rm_server/cmake/rosidl_cmake_export_typesupport_targets-extras.cmake
-- Up-to-date: /home/arcyfields/ros2/ros2_ws/install/rm_server/share/rm_server/cmake/ament_cmake_export_dependencies-extras.cmake
-- Up-to-date: /home/arcyfields/ros2/ros2_ws/install/rm_server/share/rm_server/cmake/rosidl_cmake_export_typesupport_libraries-extras.cmake
-- Up-to-date: /home/arcyfields/ros2/ros2_ws/install/rm_server/share/rm_server/cmake/rm_serverConfig.cmake
-- Up-to-date: /home/arcyfields/ros2/ros2_ws/install/rm_server/share/rm_server/cmake/rm_serverConfig-version.cmake
-- Up-to-date: /home/arcyfields/ros2/ros2_ws/install/rm_server/share/rm_server/package.xml
