[0.009s] Invoking command in '/home/arcyfields/ros2/ros2_ws/build/rm_server': CMAKE_PREFIX_PATH=${CMAKE_PREFIX_PATH}:/opt/ros/humble /usr/bin/cmake --build /home/arcyfields/ros2/ros2_ws/build/rm_server -- -j32 -l32
[0.031s] -- Found ament_cmake: 1.3.12 (/opt/ros/humble/share/ament_cmake/cmake)
[0.133s] -- Found rosidl_default_generators: 1.2.0 (/opt/ros/humble/share/rosidl_default_generators/cmake)
[0.134s] -- Using all available rosidl_typesupport_c: rosidl_typesupport_fastrtps_c;rosidl_typesupport_introspection_c
[0.135s] -- Found rosidl_adapter: 3.1.7 (/opt/ros/humble/share/rosidl_adapter/cmake)
[0.154s] -- Using all available rosidl_typesupport_cpp: rosidl_typesupport_fastrtps_cpp;rosidl_typesupport_introspection_cpp
[0.361s] -- Found ament_cmake_ros: 0.10.0 (/opt/ros/humble/share/ament_cmake_ros/cmake)
[0.520s] -- Using all available rosidl_typesupport_c: rosidl_typesupport_fastrtps_c;rosidl_typesupport_introspection_c
[0.735s] -- Using all available rosidl_typesupport_cpp: rosidl_typesupport_fastrtps_cpp;rosidl_typesupport_introspection_cpp
[0.754s] -- Found python_cmake_module: 0.10.0 (/opt/ros/humble/share/python_cmake_module/cmake)
[0.771s] -- Using PYTHON_EXECUTABLE: /usr/bin/python3
[0.771s] -- Using PYTHON_INCLUDE_DIRS: /usr/include/python3.10
[0.771s] -- Using PYTHON_LIBRARIES: /usr/lib/x86_64-linux-gnu/libpython3.10.so
[0.779s] -- Found ament_lint_auto: 0.12.14 (/opt/ros/humble/share/ament_lint_auto/cmake)
[0.785s] -- Added test 'lint_cmake' to check CMake code style
[0.786s] -- Added test 'xmllint' to check XML markup files
[0.787s] -- Configuring done
[0.803s] -- Generating done
[0.810s] -- Build files have been written to: /home/arcyfields/ros2/ros2_ws/build/rm_server
[0.829s] [  2%] [34m[1mGenerating C code for ROS interfaces[0m
[0.838s] [  5%] [34m[1mGenerating C++ code for ROS interfaces[0m
[0.846s] [  5%] Built target ament_cmake_python_copy_rm_server
[0.986s] running egg_info
[0.986s] writing rm_server.egg-info/PKG-INFO
[0.987s] writing dependency_links to rm_server.egg-info/dependency_links.txt
[0.987s] writing top-level names to rm_server.egg-info/top_level.txt
[0.988s] reading manifest file 'rm_server.egg-info/SOURCES.txt'
[0.988s] writing manifest file 'rm_server.egg-info/SOURCES.txt'
[1.008s] [  5%] Built target ament_cmake_python_build_rm_server_egg
[1.031s] [35m[1mConsolidate compiler generated dependencies of target rm_server__rosidl_generator_c[0m
[1.035s] [  5%] Built target rm_server__cpp
[1.041s] [  7%] [32mBuilding C object CMakeFiles/rm_server__rosidl_generator_c.dir/rosidl_generator_c/rm_server/srv/detail/el_gamal_encrypt__functions.c.o[0m
[1.041s] [ 10%] [32mBuilding C object CMakeFiles/rm_server__rosidl_generator_c.dir/rosidl_generator_c/rm_server/msg/detail/get_el_gamal_params__functions.c.o[0m
[1.043s] [ 12%] [34m[1mGenerating C++ type support dispatch for ROS interfaces[0m
[1.043s] [ 15%] [34m[1mGenerating C++ type support for eProsima Fast-RTPS[0m
[1.044s] [ 17%] [34m[1mGenerating C++ introspection for ROS interfaces[0m
[1.080s] [ 20%] [32m[1mLinking C shared library librm_server__rosidl_generator_c.so[0m
[1.111s] [ 20%] Built target rm_server__rosidl_generator_c
[1.121s] [ 23%] [34m[1mGenerating C type support for eProsima Fast-RTPS[0m
[1.121s] [ 28%] [34m[1mGenerating C introspection for ROS interfaces[0m
[1.121s] [ 28%] [34m[1mGenerating C type support dispatch for ROS interfaces[0m
[1.212s] [35m[1mConsolidate compiler generated dependencies of target rm_server__rosidl_typesupport_cpp[0m
[1.225s] [ 30%] [32mBuilding CXX object CMakeFiles/rm_server__rosidl_typesupport_cpp.dir/rosidl_typesupport_cpp/rm_server/msg/get_el_gamal_params__type_support.cpp.o[0m
[1.226s] [ 33%] [32mBuilding CXX object CMakeFiles/rm_server__rosidl_typesupport_cpp.dir/rosidl_typesupport_cpp/rm_server/srv/el_gamal_encrypt__type_support.cpp.o[0m
[1.229s] [35m[1mConsolidate compiler generated dependencies of target rm_server__rosidl_typesupport_introspection_cpp[0m
[1.233s] [35m[1mConsolidate compiler generated dependencies of target rm_server__rosidl_typesupport_fastrtps_cpp[0m
[1.240s] [ 35%] [32mBuilding CXX object CMakeFiles/rm_server__rosidl_typesupport_introspection_cpp.dir/rosidl_typesupport_introspection_cpp/rm_server/srv/detail/el_gamal_encrypt__type_support.cpp.o[0m
[1.242s] [ 38%] [32mBuilding CXX object CMakeFiles/rm_server__rosidl_typesupport_introspection_cpp.dir/rosidl_typesupport_introspection_cpp/rm_server/msg/detail/get_el_gamal_params__type_support.cpp.o[0m
[1.245s] [ 41%] [32mBuilding CXX object CMakeFiles/rm_server__rosidl_typesupport_fastrtps_cpp.dir/rosidl_typesupport_fastrtps_cpp/rm_server/msg/detail/dds_fastrtps/get_el_gamal_params__type_support.cpp.o[0m
[1.245s] [ 43%] [32mBuilding CXX object CMakeFiles/rm_server__rosidl_typesupport_fastrtps_cpp.dir/rosidl_typesupport_fastrtps_cpp/rm_server/srv/detail/dds_fastrtps/el_gamal_encrypt__type_support.cpp.o[0m
[1.312s] [35m[1mConsolidate compiler generated dependencies of target rm_server__rosidl_typesupport_c[0m
[1.325s] [ 46%] [32mBuilding CXX object CMakeFiles/rm_server__rosidl_typesupport_c.dir/rosidl_typesupport_c/rm_server/msg/get_el_gamal_params__type_support.cpp.o[0m
[1.325s] [ 48%] [32mBuilding CXX object CMakeFiles/rm_server__rosidl_typesupport_c.dir/rosidl_typesupport_c/rm_server/srv/el_gamal_encrypt__type_support.cpp.o[0m
[1.330s] [35m[1mConsolidate compiler generated dependencies of target rm_server__rosidl_typesupport_fastrtps_c[0m
[1.345s] [35m[1mConsolidate compiler generated dependencies of target rm_server__rosidl_typesupport_introspection_c[0m
[1.345s] [ 51%] [32mBuilding CXX object CMakeFiles/rm_server__rosidl_typesupport_fastrtps_c.dir/rosidl_typesupport_fastrtps_c/rm_server/msg/detail/get_el_gamal_params__type_support_c.cpp.o[0m
[1.346s] [ 53%] [32mBuilding CXX object CMakeFiles/rm_server__rosidl_typesupport_fastrtps_c.dir/rosidl_typesupport_fastrtps_c/rm_server/srv/detail/el_gamal_encrypt__type_support_c.cpp.o[0m
[1.359s] [ 58%] [32mBuilding C object CMakeFiles/rm_server__rosidl_typesupport_introspection_c.dir/rosidl_typesupport_introspection_c/rm_server/srv/detail/el_gamal_encrypt__type_support.c.o[0m
[1.359s] [ 58%] [32mBuilding C object CMakeFiles/rm_server__rosidl_typesupport_introspection_c.dir/rosidl_typesupport_introspection_c/rm_server/msg/detail/get_el_gamal_params__type_support.c.o[0m
[1.360s] [ 61%] [32m[1mLinking CXX shared library librm_server__rosidl_typesupport_c.so[0m
[1.400s] [ 64%] [32m[1mLinking C shared library librm_server__rosidl_typesupport_introspection_c.so[0m
[1.409s] [ 64%] Built target rm_server__rosidl_typesupport_c
[1.435s] [ 64%] Built target rm_server__rosidl_typesupport_introspection_c
[1.454s] [ 66%] [32m[1mLinking CXX shared library librm_server__rosidl_typesupport_cpp.so[0m
[1.491s] [ 66%] Built target rm_server__rosidl_typesupport_cpp
[1.505s] [ 69%] [32m[1mLinking CXX shared library librm_server__rosidl_typesupport_introspection_cpp.so[0m
[1.539s] [ 69%] Built target rm_server__rosidl_typesupport_introspection_cpp
[1.593s] [ 71%] [32m[1mLinking CXX shared library librm_server__rosidl_typesupport_fastrtps_c.so[0m
[1.605s] [ 74%] [32m[1mLinking CXX shared library librm_server__rosidl_typesupport_fastrtps_cpp.so[0m
[1.648s] [ 74%] Built target rm_server__rosidl_typesupport_fastrtps_c
[1.658s] [ 74%] Built target rm_server__rosidl_typesupport_fastrtps_cpp
[1.678s] [ 74%] Built target rm_server
[1.695s] [ 76%] [34m[1mGenerating Python code for ROS interfaces[0m
[1.949s] [ 76%] Built target rm_server__py
[1.959s] [35m[1mConsolidate compiler generated dependencies of target rm_server__rosidl_generator_py[0m
[1.969s] [ 79%] [32mBuilding C object CMakeFiles/rm_server__rosidl_generator_py.dir/rosidl_generator_py/rm_server/srv/_el_gamal_encrypt_s.c.o[0m
[1.970s] [ 82%] [32mBuilding C object CMakeFiles/rm_server__rosidl_generator_py.dir/rosidl_generator_py/rm_server/msg/_get_el_gamal_params_s.c.o[0m
[2.038s] [ 84%] [32m[1mLinking C shared library rosidl_generator_py/rm_server/librm_server__rosidl_generator_py.so[0m
[2.081s] [ 84%] Built target rm_server__rosidl_generator_py
[2.091s] [35m[1mConsolidate compiler generated dependencies of target rm_server__rosidl_typesupport_fastrtps_c__pyext[0m
[2.091s] [35m[1mConsolidate compiler generated dependencies of target rm_server__rosidl_typesupport_introspection_c__pyext[0m
[2.092s] [35m[1mConsolidate compiler generated dependencies of target rm_server__rosidl_typesupport_c__pyext[0m
[2.102s] [ 87%] [32mBuilding C object CMakeFiles/rm_server__rosidl_typesupport_introspection_c__pyext.dir/rosidl_generator_py/rm_server/_rm_server_s.ep.rosidl_typesupport_introspection_c.c.o[0m
[2.103s] [ 89%] [32mBuilding C object CMakeFiles/rm_server__rosidl_typesupport_fastrtps_c__pyext.dir/rosidl_generator_py/rm_server/_rm_server_s.ep.rosidl_typesupport_fastrtps_c.c.o[0m
[2.103s] [ 92%] [32mBuilding C object CMakeFiles/rm_server__rosidl_typesupport_c__pyext.dir/rosidl_generator_py/rm_server/_rm_server_s.ep.rosidl_typesupport_c.c.o[0m
[2.168s] [ 94%] [32m[1mLinking C shared library rosidl_generator_py/rm_server/rm_server_s__rosidl_typesupport_fastrtps_c.cpython-310-x86_64-linux-gnu.so[0m
[2.169s] [100%] [32m[1mLinking C shared library rosidl_generator_py/rm_server/rm_server_s__rosidl_typesupport_c.cpython-310-x86_64-linux-gnu.so[0m
[2.169s] [100%] [32m[1mLinking C shared library rosidl_generator_py/rm_server/rm_server_s__rosidl_typesupport_introspection_c.cpython-310-x86_64-linux-gnu.so[0m
[2.195s] [100%] Built target rm_server__rosidl_typesupport_fastrtps_c__pyext
[2.195s] [100%] Built target rm_server__rosidl_typesupport_introspection_c__pyext
[2.195s] [100%] Built target rm_server__rosidl_typesupport_c__pyext
[2.205s] Invoked command in '/home/arcyfields/ros2/ros2_ws/build/rm_server' returned '0': CMAKE_PREFIX_PATH=${CMAKE_PREFIX_PATH}:/opt/ros/humble /usr/bin/cmake --build /home/arcyfields/ros2/ros2_ws/build/rm_server -- -j32 -l32
[2.217s] Invoking command in '/home/arcyfields/ros2/ros2_ws/build/rm_server': CMAKE_PREFIX_PATH=${CMAKE_PREFIX_PATH}:/opt/ros/humble /usr/bin/cmake --install /home/arcyfields/ros2/ros2_ws/build/rm_server
[2.227s] -- Install configuration: ""
[2.227s] -- Installing: /home/arcyfields/ros2/ros2_ws/install/rm_server/share/ament_index/resource_index/rosidl_interfaces/rm_server
[2.228s] -- Up-to-date: /home/arcyfields/ros2/ros2_ws/install/rm_server/include/rm_server/rm_server
[2.228s] -- Installing: /home/arcyfields/ros2/ros2_ws/install/rm_server/include/rm_server/rm_server/srv
[2.228s] -- Installing: /home/arcyfields/ros2/ros2_ws/install/rm_server/include/rm_server/rm_server/srv/detail
[2.228s] -- Installing: /home/arcyfields/ros2/ros2_ws/install/rm_server/include/rm_server/rm_server/srv/detail/el_gamal_encrypt__struct.h
[2.228s] -- Installing: /home/arcyfields/ros2/ros2_ws/install/rm_server/include/rm_server/rm_server/srv/detail/el_gamal_encrypt__functions.h
[2.229s] -- Installing: /home/arcyfields/ros2/ros2_ws/install/rm_server/include/rm_server/rm_server/srv/detail/el_gamal_encrypt__functions.c
[2.229s] -- Installing: /home/arcyfields/ros2/ros2_ws/install/rm_server/include/rm_server/rm_server/srv/detail/el_gamal_encrypt__type_support.h
[2.229s] -- Installing: /home/arcyfields/ros2/ros2_ws/install/rm_server/include/rm_server/rm_server/srv/el_gamal_encrypt.h
[2.229s] -- Up-to-date: /home/arcyfields/ros2/ros2_ws/install/rm_server/include/rm_server/rm_server/msg
[2.229s] -- Installing: /home/arcyfields/ros2/ros2_ws/install/rm_server/include/rm_server/rm_server/msg/get_el_gamal_params.h
[2.229s] -- Up-to-date: /home/arcyfields/ros2/ros2_ws/install/rm_server/include/rm_server/rm_server/msg/detail
[2.229s] -- Installing: /home/arcyfields/ros2/ros2_ws/install/rm_server/include/rm_server/rm_server/msg/detail/get_el_gamal_params__functions.c
[2.230s] -- Installing: /home/arcyfields/ros2/ros2_ws/install/rm_server/include/rm_server/rm_server/msg/detail/get_el_gamal_params__functions.h
[2.230s] -- Installing: /home/arcyfields/ros2/ros2_ws/install/rm_server/include/rm_server/rm_server/msg/detail/get_el_gamal_params__type_support.h
[2.230s] -- Installing: /home/arcyfields/ros2/ros2_ws/install/rm_server/include/rm_server/rm_server/msg/detail/get_el_gamal_params__struct.h
[2.230s] -- Up-to-date: /home/arcyfields/ros2/ros2_ws/install/rm_server/include/rm_server/rm_server/msg/rosidl_generator_c__visibility_control.h
[2.230s] -- Up-to-date: /home/arcyfields/ros2/ros2_ws/install/rm_server/share/rm_server/environment/library_path.sh
[2.230s] -- Installing: /home/arcyfields/ros2/ros2_ws/install/rm_server/share/rm_server/environment/library_path.dsv
[2.230s] -- Installing: /home/arcyfields/ros2/ros2_ws/install/rm_server/lib/librm_server__rosidl_generator_c.so
[2.231s] -- Set runtime path of "/home/arcyfields/ros2/ros2_ws/install/rm_server/lib/librm_server__rosidl_generator_c.so" to ""
[2.231s] -- Up-to-date: /home/arcyfields/ros2/ros2_ws/install/rm_server/include/rm_server/rm_server
[2.231s] -- Up-to-date: /home/arcyfields/ros2/ros2_ws/install/rm_server/include/rm_server/rm_server/srv
[2.231s] -- Up-to-date: /home/arcyfields/ros2/ros2_ws/install/rm_server/include/rm_server/rm_server/srv/detail
[2.231s] -- Installing: /home/arcyfields/ros2/ros2_ws/install/rm_server/include/rm_server/rm_server/srv/detail/el_gamal_encrypt__rosidl_typesupport_fastrtps_c.h
[2.231s] -- Up-to-date: /home/arcyfields/ros2/ros2_ws/install/rm_server/include/rm_server/rm_server/msg
[2.232s] -- Up-to-date: /home/arcyfields/ros2/ros2_ws/install/rm_server/include/rm_server/rm_server/msg/rosidl_typesupport_fastrtps_c__visibility_control.h
[2.232s] -- Up-to-date: /home/arcyfields/ros2/ros2_ws/install/rm_server/include/rm_server/rm_server/msg/detail
[2.232s] -- Installing: /home/arcyfields/ros2/ros2_ws/install/rm_server/include/rm_server/rm_server/msg/detail/get_el_gamal_params__rosidl_typesupport_fastrtps_c.h
[2.232s] -- Installing: /home/arcyfields/ros2/ros2_ws/install/rm_server/lib/librm_server__rosidl_typesupport_fastrtps_c.so
[2.232s] -- Set runtime path of "/home/arcyfields/ros2/ros2_ws/install/rm_server/lib/librm_server__rosidl_typesupport_fastrtps_c.so" to ""
[2.232s] -- Up-to-date: /home/arcyfields/ros2/ros2_ws/install/rm_server/include/rm_server/rm_server
[2.232s] -- Up-to-date: /home/arcyfields/ros2/ros2_ws/install/rm_server/include/rm_server/rm_server/srv
[2.233s] -- Up-to-date: /home/arcyfields/ros2/ros2_ws/install/rm_server/include/rm_server/rm_server/srv/detail
[2.233s] -- Installing: /home/arcyfields/ros2/ros2_ws/install/rm_server/include/rm_server/rm_server/srv/detail/el_gamal_encrypt__type_support.c
[2.233s] -- Installing: /home/arcyfields/ros2/ros2_ws/install/rm_server/include/rm_server/rm_server/srv/detail/el_gamal_encrypt__rosidl_typesupport_introspection_c.h
[2.233s] -- Up-to-date: /home/arcyfields/ros2/ros2_ws/install/rm_server/include/rm_server/rm_server/msg
[2.233s] -- Up-to-date: /home/arcyfields/ros2/ros2_ws/install/rm_server/include/rm_server/rm_server/msg/rosidl_typesupport_introspection_c__visibility_control.h
[2.233s] -- Up-to-date: /home/arcyfields/ros2/ros2_ws/install/rm_server/include/rm_server/rm_server/msg/detail
[2.233s] -- Installing: /home/arcyfields/ros2/ros2_ws/install/rm_server/include/rm_server/rm_server/msg/detail/get_el_gamal_params__type_support.c
[2.234s] -- Installing: /home/arcyfields/ros2/ros2_ws/install/rm_server/include/rm_server/rm_server/msg/detail/get_el_gamal_params__rosidl_typesupport_introspection_c.h
[2.234s] -- Installing: /home/arcyfields/ros2/ros2_ws/install/rm_server/lib/librm_server__rosidl_typesupport_introspection_c.so
[2.234s] -- Set runtime path of "/home/arcyfields/ros2/ros2_ws/install/rm_server/lib/librm_server__rosidl_typesupport_introspection_c.so" to ""
[2.234s] -- Installing: /home/arcyfields/ros2/ros2_ws/install/rm_server/lib/librm_server__rosidl_typesupport_c.so
[2.234s] -- Set runtime path of "/home/arcyfields/ros2/ros2_ws/install/rm_server/lib/librm_server__rosidl_typesupport_c.so" to ""
[2.234s] -- Up-to-date: /home/arcyfields/ros2/ros2_ws/install/rm_server/include/rm_server/rm_server
[2.235s] -- Up-to-date: /home/arcyfields/ros2/ros2_ws/install/rm_server/include/rm_server/rm_server/srv
[2.235s] -- Up-to-date: /home/arcyfields/ros2/ros2_ws/install/rm_server/include/rm_server/rm_server/srv/detail
[2.235s] -- Installing: /home/arcyfields/ros2/ros2_ws/install/rm_server/include/rm_server/rm_server/srv/detail/el_gamal_encrypt__builder.hpp
[2.235s] -- Installing: /home/arcyfields/ros2/ros2_ws/install/rm_server/include/rm_server/rm_server/srv/detail/el_gamal_encrypt__traits.hpp
[2.235s] -- Installing: /home/arcyfields/ros2/ros2_ws/install/rm_server/include/rm_server/rm_server/srv/detail/el_gamal_encrypt__type_support.hpp
[2.235s] -- Installing: /home/arcyfields/ros2/ros2_ws/install/rm_server/include/rm_server/rm_server/srv/detail/el_gamal_encrypt__struct.hpp
[2.235s] -- Installing: /home/arcyfields/ros2/ros2_ws/install/rm_server/include/rm_server/rm_server/srv/el_gamal_encrypt.hpp
[2.235s] -- Up-to-date: /home/arcyfields/ros2/ros2_ws/install/rm_server/include/rm_server/rm_server/msg
[2.236s] -- Installing: /home/arcyfields/ros2/ros2_ws/install/rm_server/include/rm_server/rm_server/msg/get_el_gamal_params.hpp
[2.236s] -- Up-to-date: /home/arcyfields/ros2/ros2_ws/install/rm_server/include/rm_server/rm_server/msg/detail
[2.236s] -- Installing: /home/arcyfields/ros2/ros2_ws/install/rm_server/include/rm_server/rm_server/msg/detail/get_el_gamal_params__type_support.hpp
[2.236s] -- Installing: /home/arcyfields/ros2/ros2_ws/install/rm_server/include/rm_server/rm_server/msg/detail/get_el_gamal_params__traits.hpp
[2.236s] -- Installing: /home/arcyfields/ros2/ros2_ws/install/rm_server/include/rm_server/rm_server/msg/detail/get_el_gamal_params__builder.hpp
[2.236s] -- Installing: /home/arcyfields/ros2/ros2_ws/install/rm_server/include/rm_server/rm_server/msg/detail/get_el_gamal_params__struct.hpp
[2.236s] -- Up-to-date: /home/arcyfields/ros2/ros2_ws/install/rm_server/include/rm_server/rm_server/msg/rosidl_generator_cpp__visibility_control.hpp
[2.237s] -- Up-to-date: /home/arcyfields/ros2/ros2_ws/install/rm_server/include/rm_server/rm_server
[2.237s] -- Up-to-date: /home/arcyfields/ros2/ros2_ws/install/rm_server/include/rm_server/rm_server/srv
[2.237s] -- Up-to-date: /home/arcyfields/ros2/ros2_ws/install/rm_server/include/rm_server/rm_server/srv/detail
[2.237s] -- Installing: /home/arcyfields/ros2/ros2_ws/install/rm_server/include/rm_server/rm_server/srv/detail/el_gamal_encrypt__rosidl_typesupport_fastrtps_cpp.hpp
[2.237s] -- Installing: /home/arcyfields/ros2/ros2_ws/install/rm_server/include/rm_server/rm_server/srv/detail/dds_fastrtps
[2.237s] -- Up-to-date: /home/arcyfields/ros2/ros2_ws/install/rm_server/include/rm_server/rm_server/msg
[2.237s] -- Up-to-date: /home/arcyfields/ros2/ros2_ws/install/rm_server/include/rm_server/rm_server/msg/detail
[2.238s] -- Installing: /home/arcyfields/ros2/ros2_ws/install/rm_server/include/rm_server/rm_server/msg/detail/get_el_gamal_params__rosidl_typesupport_fastrtps_cpp.hpp
[2.238s] -- Up-to-date: /home/arcyfields/ros2/ros2_ws/install/rm_server/include/rm_server/rm_server/msg/detail/dds_fastrtps
[2.238s] -- Up-to-date: /home/arcyfields/ros2/ros2_ws/install/rm_server/include/rm_server/rm_server/msg/rosidl_typesupport_fastrtps_cpp__visibility_control.h
[2.238s] -- Installing: /home/arcyfields/ros2/ros2_ws/install/rm_server/lib/librm_server__rosidl_typesupport_fastrtps_cpp.so
[2.238s] -- Set runtime path of "/home/arcyfields/ros2/ros2_ws/install/rm_server/lib/librm_server__rosidl_typesupport_fastrtps_cpp.so" to ""
[2.238s] -- Up-to-date: /home/arcyfields/ros2/ros2_ws/install/rm_server/include/rm_server/rm_server
[2.238s] -- Up-to-date: /home/arcyfields/ros2/ros2_ws/install/rm_server/include/rm_server/rm_server/srv
[2.238s] -- Up-to-date: /home/arcyfields/ros2/ros2_ws/install/rm_server/include/rm_server/rm_server/srv/detail
[2.239s] -- Installing: /home/arcyfields/ros2/ros2_ws/install/rm_server/include/rm_server/rm_server/srv/detail/el_gamal_encrypt__type_support.cpp
[2.239s] -- Installing: /home/arcyfields/ros2/ros2_ws/install/rm_server/include/rm_server/rm_server/srv/detail/el_gamal_encrypt__rosidl_typesupport_introspection_cpp.hpp
[2.239s] -- Up-to-date: /home/arcyfields/ros2/ros2_ws/install/rm_server/include/rm_server/rm_server/msg
[2.239s] -- Up-to-date: /home/arcyfields/ros2/ros2_ws/install/rm_server/include/rm_server/rm_server/msg/detail
[2.239s] -- Installing: /home/arcyfields/ros2/ros2_ws/install/rm_server/include/rm_server/rm_server/msg/detail/get_el_gamal_params__rosidl_typesupport_introspection_cpp.hpp
[2.239s] -- Installing: /home/arcyfields/ros2/ros2_ws/install/rm_server/include/rm_server/rm_server/msg/detail/get_el_gamal_params__type_support.cpp
[2.239s] -- Installing: /home/arcyfields/ros2/ros2_ws/install/rm_server/lib/librm_server__rosidl_typesupport_introspection_cpp.so
[2.239s] -- Set runtime path of "/home/arcyfields/ros2/ros2_ws/install/rm_server/lib/librm_server__rosidl_typesupport_introspection_cpp.so" to ""
[2.240s] -- Installing: /home/arcyfields/ros2/ros2_ws/install/rm_server/lib/librm_server__rosidl_typesupport_cpp.so
[2.240s] -- Set runtime path of "/home/arcyfields/ros2/ros2_ws/install/rm_server/lib/librm_server__rosidl_typesupport_cpp.so" to ""
[2.240s] -- Up-to-date: /home/arcyfields/ros2/ros2_ws/install/rm_server/share/rm_server/environment/pythonpath.sh
[2.240s] -- Installing: /home/arcyfields/ros2/ros2_ws/install/rm_server/share/rm_server/environment/pythonpath.dsv
[2.240s] -- Up-to-date: /home/arcyfields/ros2/ros2_ws/install/rm_server/local/lib/python3.10/dist-packages/rm_server-0.0.0-py3.10.egg-info
[2.240s] -- Installing: /home/arcyfields/ros2/ros2_ws/install/rm_server/local/lib/python3.10/dist-packages/rm_server-0.0.0-py3.10.egg-info/PKG-INFO
[2.240s] -- Installing: /home/arcyfields/ros2/ros2_ws/install/rm_server/local/lib/python3.10/dist-packages/rm_server-0.0.0-py3.10.egg-info/dependency_links.txt
[2.240s] -- Installing: /home/arcyfields/ros2/ros2_ws/install/rm_server/local/lib/python3.10/dist-packages/rm_server-0.0.0-py3.10.egg-info/top_level.txt
[2.240s] -- Installing: /home/arcyfields/ros2/ros2_ws/install/rm_server/local/lib/python3.10/dist-packages/rm_server-0.0.0-py3.10.egg-info/SOURCES.txt
[2.240s] -- Up-to-date: /home/arcyfields/ros2/ros2_ws/install/rm_server/local/lib/python3.10/dist-packages/rm_server
[2.240s] -- Installing: /home/arcyfields/ros2/ros2_ws/install/rm_server/local/lib/python3.10/dist-packages/rm_server/__init__.py
[2.241s] -- Installing: /home/arcyfields/ros2/ros2_ws/install/rm_server/local/lib/python3.10/dist-packages/rm_server/_rm_server_s.ep.rosidl_typesupport_c.c
[2.241s] -- Installing: /home/arcyfields/ros2/ros2_ws/install/rm_server/local/lib/python3.10/dist-packages/rm_server/_rm_server_s.ep.rosidl_typesupport_fastrtps_c.c
[2.241s] -- Installing: /home/arcyfields/ros2/ros2_ws/install/rm_server/local/lib/python3.10/dist-packages/rm_server/rm_server_s__rosidl_typesupport_c.cpython-310-x86_64-linux-gnu.so
[2.241s] -- Installing: /home/arcyfields/ros2/ros2_ws/install/rm_server/local/lib/python3.10/dist-packages/rm_server/_rm_server_s.ep.rosidl_typesupport_introspection_c.c
[2.241s] -- Installing: /home/arcyfields/ros2/ros2_ws/install/rm_server/local/lib/python3.10/dist-packages/rm_server/srv
[2.241s] -- Installing: /home/arcyfields/ros2/ros2_ws/install/rm_server/local/lib/python3.10/dist-packages/rm_server/srv/_el_gamal_encrypt_s.c
[2.241s] -- Installing: /home/arcyfields/ros2/ros2_ws/install/rm_server/local/lib/python3.10/dist-packages/rm_server/srv/__init__.py
[2.241s] -- Installing: /home/arcyfields/ros2/ros2_ws/install/rm_server/local/lib/python3.10/dist-packages/rm_server/srv/_el_gamal_encrypt.py
[2.241s] -- Installing: /home/arcyfields/ros2/ros2_ws/install/rm_server/local/lib/python3.10/dist-packages/rm_server/rm_server_s__rosidl_typesupport_fastrtps_c.cpython-310-x86_64-linux-gnu.so
[2.241s] -- Installing: /home/arcyfields/ros2/ros2_ws/install/rm_server/local/lib/python3.10/dist-packages/rm_server/librm_server__rosidl_generator_py.so
[2.241s] -- Up-to-date: /home/arcyfields/ros2/ros2_ws/install/rm_server/local/lib/python3.10/dist-packages/rm_server/msg
[2.242s] -- Installing: /home/arcyfields/ros2/ros2_ws/install/rm_server/local/lib/python3.10/dist-packages/rm_server/msg/__init__.py
[2.242s] -- Installing: /home/arcyfields/ros2/ros2_ws/install/rm_server/local/lib/python3.10/dist-packages/rm_server/msg/_get_el_gamal_params.py
[2.242s] -- Installing: /home/arcyfields/ros2/ros2_ws/install/rm_server/local/lib/python3.10/dist-packages/rm_server/msg/_get_el_gamal_params_s.c
[2.242s] -- Installing: /home/arcyfields/ros2/ros2_ws/install/rm_server/local/lib/python3.10/dist-packages/rm_server/rm_server_s__rosidl_typesupport_introspection_c.cpython-310-x86_64-linux-gnu.so
[2.275s] Listing '/home/arcyfields/ros2/ros2_ws/install/rm_server/local/lib/python3.10/dist-packages/rm_server'...
[2.275s] Compiling '/home/arcyfields/ros2/ros2_ws/install/rm_server/local/lib/python3.10/dist-packages/rm_server/__init__.py'...
[2.275s] Listing '/home/arcyfields/ros2/ros2_ws/install/rm_server/local/lib/python3.10/dist-packages/rm_server/msg'...
[2.275s] Compiling '/home/arcyfields/ros2/ros2_ws/install/rm_server/local/lib/python3.10/dist-packages/rm_server/msg/__init__.py'...
[2.276s] Compiling '/home/arcyfields/ros2/ros2_ws/install/rm_server/local/lib/python3.10/dist-packages/rm_server/msg/_get_el_gamal_params.py'...
[2.276s] Listing '/home/arcyfields/ros2/ros2_ws/install/rm_server/local/lib/python3.10/dist-packages/rm_server/srv'...
[2.276s] Compiling '/home/arcyfields/ros2/ros2_ws/install/rm_server/local/lib/python3.10/dist-packages/rm_server/srv/__init__.py'...
[2.276s] Compiling '/home/arcyfields/ros2/ros2_ws/install/rm_server/local/lib/python3.10/dist-packages/rm_server/srv/_el_gamal_encrypt.py'...
[2.278s] -- Installing: /home/arcyfields/ros2/ros2_ws/install/rm_server/local/lib/python3.10/dist-packages/rm_server/rm_server_s__rosidl_typesupport_fastrtps_c.cpython-310-x86_64-linux-gnu.so
[2.278s] -- Set runtime path of "/home/arcyfields/ros2/ros2_ws/install/rm_server/local/lib/python3.10/dist-packages/rm_server/rm_server_s__rosidl_typesupport_fastrtps_c.cpython-310-x86_64-linux-gnu.so" to ""
[2.278s] -- Installing: /home/arcyfields/ros2/ros2_ws/install/rm_server/local/lib/python3.10/dist-packages/rm_server/rm_server_s__rosidl_typesupport_introspection_c.cpython-310-x86_64-linux-gnu.so
[2.279s] -- Set runtime path of "/home/arcyfields/ros2/ros2_ws/install/rm_server/local/lib/python3.10/dist-packages/rm_server/rm_server_s__rosidl_typesupport_introspection_c.cpython-310-x86_64-linux-gnu.so" to ""
[2.279s] -- Installing: /home/arcyfields/ros2/ros2_ws/install/rm_server/local/lib/python3.10/dist-packages/rm_server/rm_server_s__rosidl_typesupport_c.cpython-310-x86_64-linux-gnu.so
[2.279s] -- Set runtime path of "/home/arcyfields/ros2/ros2_ws/install/rm_server/local/lib/python3.10/dist-packages/rm_server/rm_server_s__rosidl_typesupport_c.cpython-310-x86_64-linux-gnu.so" to ""
[2.279s] -- Installing: /home/arcyfields/ros2/ros2_ws/install/rm_server/lib/librm_server__rosidl_generator_py.so
[2.279s] -- Set runtime path of "/home/arcyfields/ros2/ros2_ws/install/rm_server/lib/librm_server__rosidl_generator_py.so" to ""
[2.279s] -- Up-to-date: /home/arcyfields/ros2/ros2_ws/install/rm_server/share/rm_server/msg/GetElGamalParams.idl
[2.279s] -- Installing: /home/arcyfields/ros2/ros2_ws/install/rm_server/share/rm_server/srv/ElGamalEncrypt.idl
[2.279s] -- Up-to-date: /home/arcyfields/ros2/ros2_ws/install/rm_server/share/rm_server/msg/GetElGamalParams.msg
[2.279s] -- Installing: /home/arcyfields/ros2/ros2_ws/install/rm_server/share/rm_server/srv/ElGamalEncrypt.srv
[2.279s] -- Installing: /home/arcyfields/ros2/ros2_ws/install/rm_server/share/rm_server/srv/ElGamalEncrypt_Request.msg
[2.279s] -- Installing: /home/arcyfields/ros2/ros2_ws/install/rm_server/share/rm_server/srv/ElGamalEncrypt_Response.msg
[2.279s] -- Up-to-date: /home/arcyfields/ros2/ros2_ws/install/rm_server/share/ament_index/resource_index/package_run_dependencies/rm_server
[2.279s] -- Installing: /home/arcyfields/ros2/ros2_ws/install/rm_server/share/ament_index/resource_index/parent_prefix_path/rm_server
[2.279s] -- Up-to-date: /home/arcyfields/ros2/ros2_ws/install/rm_server/share/rm_server/environment/ament_prefix_path.sh
[2.280s] -- Installing: /home/arcyfields/ros2/ros2_ws/install/rm_server/share/rm_server/environment/ament_prefix_path.dsv
[2.280s] -- Up-to-date: /home/arcyfields/ros2/ros2_ws/install/rm_server/share/rm_server/environment/path.sh
[2.280s] -- Installing: /home/arcyfields/ros2/ros2_ws/install/rm_server/share/rm_server/environment/path.dsv
[2.280s] -- Up-to-date: /home/arcyfields/ros2/ros2_ws/install/rm_server/share/rm_server/local_setup.bash
[2.280s] -- Up-to-date: /home/arcyfields/ros2/ros2_ws/install/rm_server/share/rm_server/local_setup.sh
[2.280s] -- Up-to-date: /home/arcyfields/ros2/ros2_ws/install/rm_server/share/rm_server/local_setup.zsh
[2.280s] -- Installing: /home/arcyfields/ros2/ros2_ws/install/rm_server/share/rm_server/local_setup.dsv
[2.280s] -- Installing: /home/arcyfields/ros2/ros2_ws/install/rm_server/share/rm_server/package.dsv
[2.280s] -- Up-to-date: /home/arcyfields/ros2/ros2_ws/install/rm_server/share/ament_index/resource_index/packages/rm_server
[2.280s] -- Up-to-date: /home/arcyfields/ros2/ros2_ws/install/rm_server/share/rm_server/cmake/export_rm_server__rosidl_generator_cExport.cmake
[2.280s] -- Up-to-date: /home/arcyfields/ros2/ros2_ws/install/rm_server/share/rm_server/cmake/export_rm_server__rosidl_generator_cExport-noconfig.cmake
[2.280s] -- Up-to-date: /home/arcyfields/ros2/ros2_ws/install/rm_server/share/rm_server/cmake/export_rm_server__rosidl_typesupport_fastrtps_cExport.cmake
[2.280s] -- Up-to-date: /home/arcyfields/ros2/ros2_ws/install/rm_server/share/rm_server/cmake/export_rm_server__rosidl_typesupport_fastrtps_cExport-noconfig.cmake
[2.280s] -- Up-to-date: /home/arcyfields/ros2/ros2_ws/install/rm_server/share/rm_server/cmake/rm_server__rosidl_typesupport_introspection_cExport.cmake
[2.280s] -- Up-to-date: /home/arcyfields/ros2/ros2_ws/install/rm_server/share/rm_server/cmake/rm_server__rosidl_typesupport_introspection_cExport-noconfig.cmake
[2.280s] -- Up-to-date: /home/arcyfields/ros2/ros2_ws/install/rm_server/share/rm_server/cmake/rm_server__rosidl_typesupport_cExport.cmake
[2.280s] -- Up-to-date: /home/arcyfields/ros2/ros2_ws/install/rm_server/share/rm_server/cmake/rm_server__rosidl_typesupport_cExport-noconfig.cmake
[2.280s] -- Up-to-date: /home/arcyfields/ros2/ros2_ws/install/rm_server/share/rm_server/cmake/export_rm_server__rosidl_generator_cppExport.cmake
[2.280s] -- Up-to-date: /home/arcyfields/ros2/ros2_ws/install/rm_server/share/rm_server/cmake/export_rm_server__rosidl_typesupport_fastrtps_cppExport.cmake
[2.280s] -- Up-to-date: /home/arcyfields/ros2/ros2_ws/install/rm_server/share/rm_server/cmake/export_rm_server__rosidl_typesupport_fastrtps_cppExport-noconfig.cmake
[2.280s] -- Up-to-date: /home/arcyfields/ros2/ros2_ws/install/rm_server/share/rm_server/cmake/rm_server__rosidl_typesupport_introspection_cppExport.cmake
[2.280s] -- Up-to-date: /home/arcyfields/ros2/ros2_ws/install/rm_server/share/rm_server/cmake/rm_server__rosidl_typesupport_introspection_cppExport-noconfig.cmake
[2.280s] -- Up-to-date: /home/arcyfields/ros2/ros2_ws/install/rm_server/share/rm_server/cmake/rm_server__rosidl_typesupport_cppExport.cmake
[2.280s] -- Up-to-date: /home/arcyfields/ros2/ros2_ws/install/rm_server/share/rm_server/cmake/rm_server__rosidl_typesupport_cppExport-noconfig.cmake
[2.280s] -- Up-to-date: /home/arcyfields/ros2/ros2_ws/install/rm_server/share/rm_server/cmake/export_rm_server__rosidl_generator_pyExport.cmake
[2.281s] -- Up-to-date: /home/arcyfields/ros2/ros2_ws/install/rm_server/share/rm_server/cmake/export_rm_server__rosidl_generator_pyExport-noconfig.cmake
[2.281s] -- Installing: /home/arcyfields/ros2/ros2_ws/install/rm_server/share/rm_server/cmake/rosidl_cmake-extras.cmake
[2.281s] -- Up-to-date: /home/arcyfields/ros2/ros2_ws/install/rm_server/share/rm_server/cmake/ament_cmake_export_include_directories-extras.cmake
[2.281s] -- Up-to-date: /home/arcyfields/ros2/ros2_ws/install/rm_server/share/rm_server/cmake/ament_cmake_export_libraries-extras.cmake
[2.281s] -- Up-to-date: /home/arcyfields/ros2/ros2_ws/install/rm_server/share/rm_server/cmake/ament_cmake_export_targets-extras.cmake
[2.281s] -- Up-to-date: /home/arcyfields/ros2/ros2_ws/install/rm_server/share/rm_server/cmake/rosidl_cmake_export_typesupport_targets-extras.cmake
[2.281s] -- Up-to-date: /home/arcyfields/ros2/ros2_ws/install/rm_server/share/rm_server/cmake/ament_cmake_export_dependencies-extras.cmake
[2.281s] -- Up-to-date: /home/arcyfields/ros2/ros2_ws/install/rm_server/share/rm_server/cmake/rosidl_cmake_export_typesupport_libraries-extras.cmake
[2.281s] -- Up-to-date: /home/arcyfields/ros2/ros2_ws/install/rm_server/share/rm_server/cmake/rm_serverConfig.cmake
[2.281s] -- Up-to-date: /home/arcyfields/ros2/ros2_ws/install/rm_server/share/rm_server/cmake/rm_serverConfig-version.cmake
[2.281s] -- Up-to-date: /home/arcyfields/ros2/ros2_ws/install/rm_server/share/rm_server/package.xml
[2.283s] Invoked command in '/home/arcyfields/ros2/ros2_ws/build/rm_server' returned '0': CMAKE_PREFIX_PATH=${CMAKE_PREFIX_PATH}:/opt/ros/humble /usr/bin/cmake --install /home/arcyfields/ros2/ros2_ws/build/rm_server
