[35m[1mConsolidate compiler generated dependencies of target main_node[0m
[ 33%] [32mBuilding CXX object CMakeFiles/main_node.dir/src/serial_port.cpp.o[0m
[ 66%] [32m[1mLinking CXX executable main_node[0m
[100%] Built target main_node
-- Install configuration: ""
-- Installing: /home/arcyfields/ros2/homework_ws/install/homework/lib/homework/main_node
-- Set runtime path of "/home/arcyfields/ros2/homework_ws/install/homework/lib/homework/main_node" to ""
-- Installing: /home/arcyfields/ros2/homework_ws/install/homework/share/ament_index/resource_index/package_run_dependencies/homework
-- Installing: /home/arcyfields/ros2/homework_ws/install/homework/share/ament_index/resource_index/parent_prefix_path/homework
-- Installing: /home/arcyfields/ros2/homework_ws/install/homework/share/homework/environment/ament_prefix_path.sh
-- Installing: /home/arcyfields/ros2/homework_ws/install/homework/share/homework/environment/ament_prefix_path.dsv
-- Installing: /home/arcyfields/ros2/homework_ws/install/homework/share/homework/environment/path.sh
-- Installing: /home/arcyfields/ros2/homework_ws/install/homework/share/homework/environment/path.dsv
-- Installing: /home/arcyfields/ros2/homework_ws/install/homework/share/homework/local_setup.bash
-- Installing: /home/arcyfields/ros2/homework_ws/install/homework/share/homework/local_setup.sh
-- Installing: /home/arcyfields/ros2/homework_ws/install/homework/share/homework/local_setup.zsh
-- Installing: /home/arcyfields/ros2/homework_ws/install/homework/share/homework/local_setup.dsv
-- Installing: /home/arcyfields/ros2/homework_ws/install/homework/share/homework/package.dsv
-- Installing: /home/arcyfields/ros2/homework_ws/install/homework/share/ament_index/resource_index/packages/homework
-- Installing: /home/arcyfields/ros2/homework_ws/install/homework/share/homework/cmake/homeworkConfig.cmake
-- Installing: /home/arcyfields/ros2/homework_ws/install/homework/share/homework/cmake/homeworkConfig-version.cmake
-- Installing: /home/arcyfields/ros2/homework_ws/install/homework/share/homework/package.xml
