[0.008s] Invoking command in '/home/arcyfields/ros2/homework_ws/build/homework': CMAKE_PREFIX_PATH=/opt/ros/humble /usr/bin/cmake --build /home/arcyfields/ros2/homework_ws/build/homework -- -j32 -l32
[0.052s] [35m[1mConsolidate compiler generated dependencies of target main_node[0m
[0.072s] [ 33%] [32mBuilding CXX object CMakeFiles/main_node.dir/src/serial_port.cpp.o[0m
[0.261s] [ 66%] [32m[1mLinking CXX executable main_node[0m
[0.831s] [100%] Built target main_node
[0.840s] Invoked command in '/home/arcyfields/ros2/homework_ws/build/homework' returned '0': CMAKE_PREFIX_PATH=/opt/ros/humble /usr/bin/cmake --build /home/arcyfields/ros2/homework_ws/build/homework -- -j32 -l32
[0.849s] Invoking command in '/home/arcyfields/ros2/homework_ws/build/homework': CMAKE_PREFIX_PATH=/opt/ros/humble /usr/bin/cmake --install /home/arcyfields/ros2/homework_ws/build/homework
[0.859s] -- Install configuration: ""
[0.859s] -- Installing: /home/arcyfields/ros2/homework_ws/install/homework/lib/homework/main_node
[0.862s] -- Set runtime path of "/home/arcyfields/ros2/homework_ws/install/homework/lib/homework/main_node" to ""
[0.862s] -- Installing: /home/arcyfields/ros2/homework_ws/install/homework/share/ament_index/resource_index/package_run_dependencies/homework
[0.862s] -- Installing: /home/arcyfields/ros2/homework_ws/install/homework/share/ament_index/resource_index/parent_prefix_path/homework
[0.862s] -- Installing: /home/arcyfields/ros2/homework_ws/install/homework/share/homework/environment/ament_prefix_path.sh
[0.862s] -- Installing: /home/arcyfields/ros2/homework_ws/install/homework/share/homework/environment/ament_prefix_path.dsv
[0.862s] -- Installing: /home/arcyfields/ros2/homework_ws/install/homework/share/homework/environment/path.sh
[0.862s] -- Installing: /home/arcyfields/ros2/homework_ws/install/homework/share/homework/environment/path.dsv
[0.862s] -- Installing: /home/arcyfields/ros2/homework_ws/install/homework/share/homework/local_setup.bash
[0.862s] -- Installing: /home/arcyfields/ros2/homework_ws/install/homework/share/homework/local_setup.sh
[0.862s] -- Installing: /home/arcyfields/ros2/homework_ws/install/homework/share/homework/local_setup.zsh
[0.863s] -- Installing: /home/arcyfields/ros2/homework_ws/install/homework/share/homework/local_setup.dsv
[0.863s] -- Installing: /home/arcyfields/ros2/homework_ws/install/homework/share/homework/package.dsv
[0.863s] -- Installing: /home/arcyfields/ros2/homework_ws/install/homework/share/ament_index/resource_index/packages/homework
[0.863s] -- Installing: /home/arcyfields/ros2/homework_ws/install/homework/share/homework/cmake/homeworkConfig.cmake
[0.863s] -- Installing: /home/arcyfields/ros2/homework_ws/install/homework/share/homework/cmake/homeworkConfig-version.cmake
[0.863s] -- Installing: /home/arcyfields/ros2/homework_ws/install/homework/share/homework/package.xml
[0.865s] Invoked command in '/home/arcyfields/ros2/homework_ws/build/homework' returned '0': CMAKE_PREFIX_PATH=/opt/ros/humble /usr/bin/cmake --install /home/arcyfields/ros2/homework_ws/build/homework
