[0.063s] DEBUG:colcon:Command line arguments: ['/usr/bin/colcon', 'build', '--packages-select', 'homework']
[0.063s] DEBUG:colcon:Parsed command line arguments: Namespace(log_base=None, log_level=None, verb_name='build', build_base='build', install_base='install', merge_install=False, symlink_install=False, test_result_base=None, continue_on_error=False, executor='parallel', parallel_workers=32, event_handlers=None, ignore_user_meta=False, metas=['./colcon.meta'], base_paths=['.'], packages_ignore=None, packages_ignore_regex=None, paths=None, packages_up_to=None, packages_up_to_regex=None, packages_above=None, packages_above_and_dependencies=None, packages_above_depth=None, packages_select_by_dep=None, packages_skip_by_dep=None, packages_skip_up_to=None, packages_select_build_failed=False, packages_skip_build_finished=False, packages_select_test_failures=False, packages_skip_test_passed=False, packages_select=['homework'], packages_skip=None, packages_select_regex=None, packages_skip_regex=None, packages_start=None, packages_end=None, allow_overriding=[], cmake_args=None, cmake_target=None, cmake_target_skip_unavailable=False, cmake_clean_cache=False, cmake_clean_first=False, cmake_force_configure=False, ament_cmake_args=None, catkin_cmake_args=None, catkin_skip_building_tests=False, verb_parser=<colcon_defaults.argument_parser.defaults.DefaultArgumentsDecorator object at 0x7fc00ba1b2b0>, verb_extension=<colcon_core.verb.build.BuildVerb object at 0x7fc00bb64760>, main=<bound method BuildVerb.main of <colcon_core.verb.build.BuildVerb object at 0x7fc00bb64760>>)
[0.153s] Level 1:colcon.colcon_core.package_discovery:discover_packages(colcon_meta) check parameters
[0.153s] Level 1:colcon.colcon_core.package_discovery:discover_packages(recursive) check parameters
[0.153s] Level 1:colcon.colcon_core.package_discovery:discover_packages(ignore) check parameters
[0.153s] Level 1:colcon.colcon_core.package_discovery:discover_packages(path) check parameters
[0.153s] Level 1:colcon.colcon_core.package_discovery:discover_packages(colcon_meta) discover
[0.153s] Level 1:colcon.colcon_core.package_discovery:discover_packages(recursive) discover
[0.153s] INFO:colcon.colcon_core.package_discovery:Crawling recursively for packages in '/home/arcyfields/ros2/homework_ws'
[0.153s] Level 1:colcon.colcon_core.package_identification:_identify(.) by extensions ['ignore', 'ignore_ament_install']
[0.153s] Level 1:colcon.colcon_core.package_identification:_identify(.) by extension 'ignore'
[0.153s] Level 1:colcon.colcon_core.package_identification:_identify(.) by extension 'ignore_ament_install'
[0.153s] Level 1:colcon.colcon_core.package_identification:_identify(.) by extensions ['colcon_pkg']
[0.153s] Level 1:colcon.colcon_core.package_identification:_identify(.) by extension 'colcon_pkg'
[0.153s] Level 1:colcon.colcon_core.package_identification:_identify(.) by extensions ['colcon_meta']
[0.153s] Level 1:colcon.colcon_core.package_identification:_identify(.) by extension 'colcon_meta'
[0.153s] Level 1:colcon.colcon_core.package_identification:_identify(.) by extensions ['ros']
[0.153s] Level 1:colcon.colcon_core.package_identification:_identify(.) by extension 'ros'
[0.160s] Level 1:colcon.colcon_core.package_identification:_identify(.) by extensions ['cmake', 'python']
[0.160s] Level 1:colcon.colcon_core.package_identification:_identify(.) by extension 'cmake'
[0.160s] Level 1:colcon.colcon_core.package_identification:_identify(.) by extension 'python'
[0.160s] Level 1:colcon.colcon_core.package_identification:_identify(.) by extensions ['python_setup_py']
[0.160s] Level 1:colcon.colcon_core.package_identification:_identify(.) by extension 'python_setup_py'
[0.160s] Level 1:colcon.colcon_core.package_identification:_identify(build) by extensions ['ignore', 'ignore_ament_install']
[0.160s] Level 1:colcon.colcon_core.package_identification:_identify(build) by extension 'ignore'
[0.161s] Level 1:colcon.colcon_core.package_identification:_identify(build) ignored
[0.161s] Level 1:colcon.colcon_core.package_identification:_identify(install) by extensions ['ignore', 'ignore_ament_install']
[0.161s] Level 1:colcon.colcon_core.package_identification:_identify(install) by extension 'ignore'
[0.161s] Level 1:colcon.colcon_core.package_identification:_identify(install) ignored
[0.161s] Level 1:colcon.colcon_core.package_identification:_identify(log) by extensions ['ignore', 'ignore_ament_install']
[0.161s] Level 1:colcon.colcon_core.package_identification:_identify(log) by extension 'ignore'
[0.161s] Level 1:colcon.colcon_core.package_identification:_identify(log) ignored
[0.161s] Level 1:colcon.colcon_core.package_identification:_identify(src) by extensions ['ignore', 'ignore_ament_install']
[0.161s] Level 1:colcon.colcon_core.package_identification:_identify(src) by extension 'ignore'
[0.161s] Level 1:colcon.colcon_core.package_identification:_identify(src) by extension 'ignore_ament_install'
[0.161s] Level 1:colcon.colcon_core.package_identification:_identify(src) by extensions ['colcon_pkg']
[0.161s] Level 1:colcon.colcon_core.package_identification:_identify(src) by extension 'colcon_pkg'
[0.161s] Level 1:colcon.colcon_core.package_identification:_identify(src) by extensions ['colcon_meta']
[0.161s] Level 1:colcon.colcon_core.package_identification:_identify(src) by extension 'colcon_meta'
[0.161s] Level 1:colcon.colcon_core.package_identification:_identify(src) by extensions ['ros']
[0.161s] Level 1:colcon.colcon_core.package_identification:_identify(src) by extension 'ros'
[0.161s] Level 1:colcon.colcon_core.package_identification:_identify(src) by extensions ['cmake', 'python']
[0.161s] Level 1:colcon.colcon_core.package_identification:_identify(src) by extension 'cmake'
[0.161s] Level 1:colcon.colcon_core.package_identification:_identify(src) by extension 'python'
[0.161s] Level 1:colcon.colcon_core.package_identification:_identify(src) by extensions ['python_setup_py']
[0.161s] Level 1:colcon.colcon_core.package_identification:_identify(src) by extension 'python_setup_py'
[0.161s] Level 1:colcon.colcon_core.package_identification:_identify(src/homework) by extensions ['ignore', 'ignore_ament_install']
[0.161s] Level 1:colcon.colcon_core.package_identification:_identify(src/homework) by extension 'ignore'
[0.161s] Level 1:colcon.colcon_core.package_identification:_identify(src/homework) by extension 'ignore_ament_install'
[0.161s] Level 1:colcon.colcon_core.package_identification:_identify(src/homework) by extensions ['colcon_pkg']
[0.161s] Level 1:colcon.colcon_core.package_identification:_identify(src/homework) by extension 'colcon_pkg'
[0.161s] Level 1:colcon.colcon_core.package_identification:_identify(src/homework) by extensions ['colcon_meta']
[0.161s] Level 1:colcon.colcon_core.package_identification:_identify(src/homework) by extension 'colcon_meta'
[0.161s] Level 1:colcon.colcon_core.package_identification:_identify(src/homework) by extensions ['ros']
[0.161s] Level 1:colcon.colcon_core.package_identification:_identify(src/homework) by extension 'ros'
[0.163s] DEBUG:colcon.colcon_core.package_identification:Package 'src/homework' with type 'ros.ament_cmake' and name 'homework'
[0.163s] Level 1:colcon.colcon_core.package_discovery:discover_packages(recursive) using defaults
[0.163s] Level 1:colcon.colcon_core.package_discovery:discover_packages(ignore) discover
[0.163s] Level 1:colcon.colcon_core.package_discovery:discover_packages(ignore) using defaults
[0.163s] Level 1:colcon.colcon_core.package_discovery:discover_packages(path) discover
[0.163s] Level 1:colcon.colcon_core.package_discovery:discover_packages(path) using defaults
[0.175s] Level 1:colcon.colcon_core.package_discovery:discover_packages(prefix_path) check parameters
[0.175s] Level 1:colcon.colcon_core.package_discovery:discover_packages(prefix_path) discover
[0.176s] DEBUG:colcon.colcon_installed_package_information.package_discovery:Found 1 installed packages in /home/arcyfields/ros2/homework_ws/install
[0.177s] DEBUG:colcon.colcon_installed_package_information.package_discovery:Found 284 installed packages in /opt/ros/humble
[0.178s] Level 1:colcon.colcon_core.package_discovery:discover_packages(prefix_path) using defaults
[0.209s] Level 5:colcon.colcon_core.verb:set package 'homework' build argument 'cmake_args' from command line to 'None'
[0.209s] Level 5:colcon.colcon_core.verb:set package 'homework' build argument 'cmake_target' from command line to 'None'
[0.209s] Level 5:colcon.colcon_core.verb:set package 'homework' build argument 'cmake_target_skip_unavailable' from command line to 'False'
[0.209s] Level 5:colcon.colcon_core.verb:set package 'homework' build argument 'cmake_clean_cache' from command line to 'False'
[0.209s] Level 5:colcon.colcon_core.verb:set package 'homework' build argument 'cmake_clean_first' from command line to 'False'
[0.209s] Level 5:colcon.colcon_core.verb:set package 'homework' build argument 'cmake_force_configure' from command line to 'False'
[0.209s] Level 5:colcon.colcon_core.verb:set package 'homework' build argument 'ament_cmake_args' from command line to 'None'
[0.209s] Level 5:colcon.colcon_core.verb:set package 'homework' build argument 'catkin_cmake_args' from command line to 'None'
[0.209s] Level 5:colcon.colcon_core.verb:set package 'homework' build argument 'catkin_skip_building_tests' from command line to 'False'
[0.209s] DEBUG:colcon.colcon_core.verb:Building package 'homework' with the following arguments: {'ament_cmake_args': None, 'build_base': '/home/arcyfields/ros2/homework_ws/build/homework', 'catkin_cmake_args': None, 'catkin_skip_building_tests': False, 'cmake_args': None, 'cmake_clean_cache': False, 'cmake_clean_first': False, 'cmake_force_configure': False, 'cmake_target': None, 'cmake_target_skip_unavailable': False, 'install_base': '/home/arcyfields/ros2/homework_ws/install/homework', 'merge_install': False, 'path': '/home/arcyfields/ros2/homework_ws/src/homework', 'symlink_install': False, 'test_result_base': None}
[0.209s] INFO:colcon.colcon_core.executor:Executing jobs using 'parallel' executor
[0.209s] DEBUG:colcon.colcon_parallel_executor.executor.parallel:run_until_complete
[0.210s] INFO:colcon.colcon_ros.task.ament_cmake.build:Building ROS package in '/home/arcyfields/ros2/homework_ws/src/homework' with build type 'ament_cmake'
[0.210s] INFO:colcon.colcon_cmake.task.cmake.build:Building CMake package in '/home/arcyfields/ros2/homework_ws/src/homework'
[0.211s] INFO:colcon.colcon_core.plugin_system:Skipping extension 'colcon_core.shell.bat': Not used on non-Windows systems
[0.211s] INFO:colcon.colcon_core.shell:Skip shell extension 'powershell' for command environment: Not usable outside of PowerShell
[0.211s] DEBUG:colcon.colcon_core.shell:Skip shell extension 'dsv' for command environment
[0.220s] DEBUG:colcon.colcon_core.event_handler.log_command:Invoking command in '/home/arcyfields/ros2/homework_ws/build/homework': CMAKE_PREFIX_PATH=${CMAKE_PREFIX_PATH}:/opt/ros/humble /usr/bin/cmake --build /home/arcyfields/ros2/homework_ws/build/homework -- -j32 -l32
[6.551s] DEBUG:colcon.colcon_core.event_handler.log_command:Invoked command in '/home/arcyfields/ros2/homework_ws/build/homework' returned '0': CMAKE_PREFIX_PATH=${CMAKE_PREFIX_PATH}:/opt/ros/humble /usr/bin/cmake --build /home/arcyfields/ros2/homework_ws/build/homework -- -j32 -l32
[6.563s] DEBUG:colcon.colcon_core.event_handler.log_command:Invoking command in '/home/arcyfields/ros2/homework_ws/build/homework': CMAKE_PREFIX_PATH=${CMAKE_PREFIX_PATH}:/opt/ros/humble /usr/bin/cmake --install /home/arcyfields/ros2/homework_ws/build/homework
[6.576s] Level 1:colcon.colcon_core.environment:create_environment_scripts_only(homework)
[6.578s] DEBUG:colcon.colcon_core.event_handler.log_command:Invoked command in '/home/arcyfields/ros2/homework_ws/build/homework' returned '0': CMAKE_PREFIX_PATH=${CMAKE_PREFIX_PATH}:/opt/ros/humble /usr/bin/cmake --install /home/arcyfields/ros2/homework_ws/build/homework
[6.581s] Level 1:colcon.colcon_core.environment:checking '/home/arcyfields/ros2/homework_ws/install/homework' for CMake module files
[6.581s] Level 1:colcon.colcon_core.environment:checking '/home/arcyfields/ros2/homework_ws/install/homework' for CMake config files
[6.582s] Level 1:colcon.colcon_core.shell:create_environment_hook('homework', 'cmake_prefix_path')
[6.582s] INFO:colcon.colcon_core.shell:Creating environment hook '/home/arcyfields/ros2/homework_ws/install/homework/share/homework/hook/cmake_prefix_path.ps1'
[6.583s] INFO:colcon.colcon_core.shell:Creating environment descriptor '/home/arcyfields/ros2/homework_ws/install/homework/share/homework/hook/cmake_prefix_path.dsv'
[6.584s] INFO:colcon.colcon_core.shell:Creating environment hook '/home/arcyfields/ros2/homework_ws/install/homework/share/homework/hook/cmake_prefix_path.sh'
[6.585s] Level 1:colcon.colcon_core.environment:checking '/home/arcyfields/ros2/homework_ws/install/homework/lib'
[6.585s] Level 1:colcon.colcon_core.environment:checking '/home/arcyfields/ros2/homework_ws/install/homework/bin'
[6.585s] Level 1:colcon.colcon_core.environment:checking '/home/arcyfields/ros2/homework_ws/install/homework/lib/pkgconfig/homework.pc'
[6.585s] Level 1:colcon.colcon_core.environment:checking '/home/arcyfields/ros2/homework_ws/install/homework/lib/python3.10/site-packages'
[6.586s] Level 1:colcon.colcon_core.environment:checking '/home/arcyfields/ros2/homework_ws/install/homework/bin'
[6.586s] INFO:colcon.colcon_core.shell:Creating package script '/home/arcyfields/ros2/homework_ws/install/homework/share/homework/package.ps1'
[6.587s] INFO:colcon.colcon_core.shell:Creating package descriptor '/home/arcyfields/ros2/homework_ws/install/homework/share/homework/package.dsv'
[6.588s] INFO:colcon.colcon_core.shell:Creating package script '/home/arcyfields/ros2/homework_ws/install/homework/share/homework/package.sh'
[6.589s] INFO:colcon.colcon_core.shell:Creating package script '/home/arcyfields/ros2/homework_ws/install/homework/share/homework/package.bash'
[6.590s] INFO:colcon.colcon_core.shell:Creating package script '/home/arcyfields/ros2/homework_ws/install/homework/share/homework/package.zsh'
[6.591s] Level 1:colcon.colcon_core.environment:create_file_with_runtime_dependencies(/home/arcyfields/ros2/homework_ws/install/homework/share/colcon-core/packages/homework)
[6.592s] Level 1:colcon.colcon_core.environment:create_environment_scripts_only(homework)
[6.592s] Level 1:colcon.colcon_core.environment:checking '/home/arcyfields/ros2/homework_ws/install/homework' for CMake module files
[6.593s] Level 1:colcon.colcon_core.environment:checking '/home/arcyfields/ros2/homework_ws/install/homework' for CMake config files
[6.593s] Level 1:colcon.colcon_core.shell:create_environment_hook('homework', 'cmake_prefix_path')
[6.593s] INFO:colcon.colcon_core.shell:Creating environment hook '/home/arcyfields/ros2/homework_ws/install/homework/share/homework/hook/cmake_prefix_path.ps1'
[6.594s] INFO:colcon.colcon_core.shell:Creating environment descriptor '/home/arcyfields/ros2/homework_ws/install/homework/share/homework/hook/cmake_prefix_path.dsv'
[6.594s] INFO:colcon.colcon_core.shell:Creating environment hook '/home/arcyfields/ros2/homework_ws/install/homework/share/homework/hook/cmake_prefix_path.sh'
[6.595s] Level 1:colcon.colcon_core.environment:checking '/home/arcyfields/ros2/homework_ws/install/homework/lib'
[6.595s] Level 1:colcon.colcon_core.environment:checking '/home/arcyfields/ros2/homework_ws/install/homework/bin'
[6.595s] Level 1:colcon.colcon_core.environment:checking '/home/arcyfields/ros2/homework_ws/install/homework/lib/pkgconfig/homework.pc'
[6.595s] Level 1:colcon.colcon_core.environment:checking '/home/arcyfields/ros2/homework_ws/install/homework/lib/python3.10/site-packages'
[6.596s] Level 1:colcon.colcon_core.environment:checking '/home/arcyfields/ros2/homework_ws/install/homework/bin'
[6.596s] INFO:colcon.colcon_core.shell:Creating package script '/home/arcyfields/ros2/homework_ws/install/homework/share/homework/package.ps1'
[6.597s] INFO:colcon.colcon_core.shell:Creating package descriptor '/home/arcyfields/ros2/homework_ws/install/homework/share/homework/package.dsv'
[6.597s] INFO:colcon.colcon_core.shell:Creating package script '/home/arcyfields/ros2/homework_ws/install/homework/share/homework/package.sh'
[6.598s] INFO:colcon.colcon_core.shell:Creating package script '/home/arcyfields/ros2/homework_ws/install/homework/share/homework/package.bash'
[6.598s] INFO:colcon.colcon_core.shell:Creating package script '/home/arcyfields/ros2/homework_ws/install/homework/share/homework/package.zsh'
[6.599s] Level 1:colcon.colcon_core.environment:create_file_with_runtime_dependencies(/home/arcyfields/ros2/homework_ws/install/homework/share/colcon-core/packages/homework)
[6.599s] DEBUG:colcon.colcon_parallel_executor.executor.parallel:closing loop
[6.600s] DEBUG:colcon.colcon_parallel_executor.executor.parallel:loop closed
[6.600s] DEBUG:colcon.colcon_parallel_executor.executor.parallel:run_until_complete finished with '0'
[6.600s] DEBUG:colcon.colcon_core.event_reactor:joining thread
[6.607s] INFO:colcon.colcon_core.plugin_system:Skipping extension 'colcon_notification.desktop_notification.terminal_notifier': Not used on non-Darwin systems
[6.607s] INFO:colcon.colcon_core.plugin_system:Skipping extension 'colcon_notification.desktop_notification.win32': Not used on non-Windows systems
[6.607s] INFO:colcon.colcon_notification.desktop_notification:Sending desktop notification using 'notify2'
[6.622s] DEBUG:colcon.colcon_core.event_reactor:joined thread
[6.622s] INFO:colcon.colcon_core.shell:Creating prefix script '/home/arcyfields/ros2/homework_ws/install/local_setup.ps1'
[6.623s] INFO:colcon.colcon_core.shell:Creating prefix util module '/home/arcyfields/ros2/homework_ws/install/_local_setup_util_ps1.py'
[6.626s] INFO:colcon.colcon_core.shell:Creating prefix chain script '/home/arcyfields/ros2/homework_ws/install/setup.ps1'
[6.627s] INFO:colcon.colcon_core.shell:Creating prefix script '/home/arcyfields/ros2/homework_ws/install/local_setup.sh'
[6.628s] INFO:colcon.colcon_core.shell:Creating prefix util module '/home/arcyfields/ros2/homework_ws/install/_local_setup_util_sh.py'
[6.628s] INFO:colcon.colcon_core.shell:Creating prefix chain script '/home/arcyfields/ros2/homework_ws/install/setup.sh'
[6.629s] INFO:colcon.colcon_core.shell:Creating prefix script '/home/arcyfields/ros2/homework_ws/install/local_setup.bash'
[6.630s] INFO:colcon.colcon_core.shell:Creating prefix chain script '/home/arcyfields/ros2/homework_ws/install/setup.bash'
[6.631s] INFO:colcon.colcon_core.shell:Creating prefix script '/home/arcyfields/ros2/homework_ws/install/local_setup.zsh'
[6.632s] INFO:colcon.colcon_core.shell:Creating prefix chain script '/home/arcyfields/ros2/homework_ws/install/setup.zsh'
