[0.010s] Invoking command in '/home/arcyfields/ros2/homework_ws/build/homework': CMAKE_PREFIX_PATH=${CMAKE_PREFIX_PATH}:/opt/ros/humble /usr/bin/cmake --build /home/arcyfields/ros2/homework_ws/build/homework -- -j32 -l32
[0.042s] [35m[1mConsolidate compiler generated dependencies of target main_node[0m
[0.059s] [ 25%] [32mBuilding CXX object CMakeFiles/main_node.dir/src/kalman_filter_and_smth_else.cpp.o[0m
[0.060s] [ 50%] [32mBuilding CXX object CMakeFiles/main_node.dir/src/main.cpp.o[0m
[3.470s] In file included from [01m[K/home/arcyfields/ros2/homework_ws/src/homework/src/main.cpp:7[m[K:
[3.470s] [01m[K/home/arcyfields/ros2/homework_ws/src/homework/include/homework/kalman_filter_and_smth_else.h:50:17:[m[K [01;35m[Kwarning: [m[Kinline function ‘[01m[Kvoid Tracker::update(const std::vector<cv::Point_<int> >&, double)[m[K’ used but never defined
[3.470s]    50 |     inline void [01;35m[Kupdate[m[K(const std::vector<cv::Point> & positions, double _dt = 0.5);
[3.470s]       |                 [01;35m[K^~~~~~[m[K
[3.470s] [01m[K/home/arcyfields/ros2/homework_ws/src/homework/include/homework/kalman_filter_and_smth_else.h:51:31:[m[K [01;35m[Kwarning: [m[Kinline function ‘[01m[Kstd::vector<Armor> Tracker::get_data() const[m[K’ used but never defined
[3.470s]    51 |     inline std::vector<Armor> [01;35m[Kget_data[m[K() const;
[3.470s]       |                               [01;35m[K^~~~~~~~[m[K
[5.863s] [ 75%] [32m[1mLinking CXX executable main_node[0m
[6.253s] /usr/bin/ld: CMakeFiles/main_node.dir/src/main.cpp.o: in function `Homework::img_callback(sensor_msgs::msg::Image_<std::allocator<void> > const&)':
[6.253s] main.cpp:(.text._ZN8Homework12img_callbackERKN11sensor_msgs3msg6Image_ISaIvEEE[_ZN8Homework12img_callbackERKN11sensor_msgs3msg6Image_ISaIvEEE]+0x1dc): undefined reference to `Tracker::update(std::vector<cv::Point_<int>, std::allocator<cv::Point_<int> > > const&, double)'
[6.253s] /usr/bin/ld: main.cpp:(.text._ZN8Homework12img_callbackERKN11sensor_msgs3msg6Image_ISaIvEEE[_ZN8Homework12img_callbackERKN11sensor_msgs3msg6Image_ISaIvEEE]+0x1fc): undefined reference to `Tracker::get_data() const'
[6.253s] /usr/bin/ld: main.cpp:(.text._ZN8Homework12img_callbackERKN11sensor_msgs3msg6Image_ISaIvEEE[_ZN8Homework12img_callbackERKN11sensor_msgs3msg6Image_ISaIvEEE]+0x228): undefined reference to `Tracker::update(std::vector<cv::Point_<int>, std::allocator<cv::Point_<int> > > const&, double)'
[6.254s] /usr/bin/ld: main.cpp:(.text._ZN8Homework12img_callbackERKN11sensor_msgs3msg6Image_ISaIvEEE[_ZN8Homework12img_callbackERKN11sensor_msgs3msg6Image_ISaIvEEE]+0x248): undefined reference to `Tracker::get_data() const'
[6.255s] /usr/bin/ld: CMakeFiles/main_node.dir/src/main.cpp.o: in function `void std::_Destroy<Armor>(Armor*)':
[6.255s] main.cpp:(.text._ZSt8_DestroyI5ArmorEvPT_[_ZSt8_DestroyI5ArmorEvPT_]+0x18): undefined reference to `Armor::~Armor()'
[6.291s] collect2: error: ld returned 1 exit status
[6.292s] gmake[2]: *** [CMakeFiles/main_node.dir/build.make:262：main_node] 错误 1
[6.292s] gmake[1]: *** [CMakeFiles/Makefile2:137：CMakeFiles/main_node.dir/all] 错误 2
[6.292s] gmake: *** [Makefile:146：all] 错误 2
[6.294s] Invoked command in '/home/arcyfields/ros2/homework_ws/build/homework' returned '2': CMAKE_PREFIX_PATH=${CMAKE_PREFIX_PATH}:/opt/ros/humble /usr/bin/cmake --build /home/arcyfields/ros2/homework_ws/build/homework -- -j32 -l32
