[35m[1mConsolidate compiler generated dependencies of target main_node[0m
[ 33%] [32mBuilding CXX object CMakeFiles/main_node.dir/src/main.cpp.o[0m
[01m[K/home/arcyfields/ros2/homework_ws/src/homework/src/main.cpp:[m[K In member function ‘[01m[Kvoid Homework::img_callback(const Image&)[m[K’:
[01m[K/home/arcyfields/ros2/homework_ws/src/homework/src/main.cpp:136:16:[m[K [01;35m[Kwarning: [m[Kunused variable ‘[01m[Kdt[m[K’ [[01;35m[K]8;;https://gcc.gnu.org/onlinedocs/gcc/Warning-Options.html#index-Wunused-variable-Wunused-variable]8;;[m[K]
  136 |         double [01;35m[Kdt[m[K = (now - _last_image_time).seconds();
      |                [01;35m[K^~[m[K
[ 66%] [32m[1mLinking CXX executable main_node[0m
[100%] Built target main_node
-- Install configuration: ""
-- Installing: /home/arcyfields/ros2/homework_ws/install/homework/lib/homework/main_node
-- Set runtime path of "/home/arcyfields/ros2/homework_ws/install/homework/lib/homework/main_node" to ""
-- Up-to-date: /home/arcyfields/ros2/homework_ws/install/homework/share/ament_index/resource_index/package_run_dependencies/homework
-- Up-to-date: /home/arcyfields/ros2/homework_ws/install/homework/share/ament_index/resource_index/parent_prefix_path/homework
-- Up-to-date: /home/arcyfields/ros2/homework_ws/install/homework/share/homework/environment/ament_prefix_path.sh
-- Up-to-date: /home/arcyfields/ros2/homework_ws/install/homework/share/homework/environment/ament_prefix_path.dsv
-- Up-to-date: /home/arcyfields/ros2/homework_ws/install/homework/share/homework/environment/path.sh
-- Up-to-date: /home/arcyfields/ros2/homework_ws/install/homework/share/homework/environment/path.dsv
-- Up-to-date: /home/arcyfields/ros2/homework_ws/install/homework/share/homework/local_setup.bash
-- Up-to-date: /home/arcyfields/ros2/homework_ws/install/homework/share/homework/local_setup.sh
-- Up-to-date: /home/arcyfields/ros2/homework_ws/install/homework/share/homework/local_setup.zsh
-- Up-to-date: /home/arcyfields/ros2/homework_ws/install/homework/share/homework/local_setup.dsv
-- Installing: /home/arcyfields/ros2/homework_ws/install/homework/share/homework/package.dsv
-- Up-to-date: /home/arcyfields/ros2/homework_ws/install/homework/share/ament_index/resource_index/packages/homework
-- Up-to-date: /home/arcyfields/ros2/homework_ws/install/homework/share/homework/cmake/homeworkConfig.cmake
-- Up-to-date: /home/arcyfields/ros2/homework_ws/install/homework/share/homework/cmake/homeworkConfig-version.cmake
-- Up-to-date: /home/arcyfields/ros2/homework_ws/install/homework/share/homework/package.xml
