[0.009s] Invoking command in '/home/arcyfields/ros2/homework_ws/build/homework': CMAKE_PREFIX_PATH=${CMAKE_PREFIX_PATH}:/opt/ros/humble /usr/bin/cmake --build /home/arcyfields/ros2/homework_ws/build/homework -- -j32 -l32
[0.054s] [35m[1mConsolidate compiler generated dependencies of target main_node[0m
[0.075s] [ 33%] [32mBuilding CXX object CMakeFiles/main_node.dir/src/main.cpp.o[0m
[1.930s] [01m[K/home/arcyfields/ros2/homework_ws/src/homework/src/main.cpp:[m[K In member function ŌĆś[01m[Kvoid Homework::img_callback(const Image&)[m[KŌĆÖ:
[1.930s] [01m[K/home/arcyfields/ros2/homework_ws/src/homework/src/main.cpp:136:16:[m[K [01;35m[Kwarning: [m[Kunused variable ŌĆś[01m[Kdt[m[KŌĆÖ [[01;35m[K]8;;https://gcc.gnu.org/onlinedocs/gcc/Warning-Options.html#index-Wunused-variable-Wunused-variable]8;;[m[K]
[1.930s]   136 |         double [01;35m[Kdt[m[K = (now - _last_image_time).seconds();
[1.930s]       |                [01;35m[K^~[m[K
[5.678s] [ 66%] [32m[1mLinking CXX executable main_node[0m
[6.130s] [100%] Built target main_node
[6.141s] Invoked command in '/home/arcyfields/ros2/homework_ws/build/homework' returned '0': CMAKE_PREFIX_PATH=${CMAKE_PREFIX_PATH}:/opt/ros/humble /usr/bin/cmake --build /home/arcyfields/ros2/homework_ws/build/homework -- -j32 -l32
[6.150s] Invoking command in '/home/arcyfields/ros2/homework_ws/build/homework': CMAKE_PREFIX_PATH=${CMAKE_PREFIX_PATH}:/opt/ros/humble /usr/bin/cmake --install /home/arcyfields/ros2/homework_ws/build/homework
[6.159s] -- Install configuration: ""
[6.159s] -- Installing: /home/arcyfields/ros2/homework_ws/install/homework/lib/homework/main_node
[6.164s] -- Set runtime path of "/home/arcyfields/ros2/homework_ws/install/homework/lib/homework/main_node" to ""
[6.164s] -- Up-to-date: /home/arcyfields/ros2/homework_ws/install/homework/share/ament_index/resource_index/package_run_dependencies/homework
[6.164s] -- Up-to-date: /home/arcyfields/ros2/homework_ws/install/homework/share/ament_index/resource_index/parent_prefix_path/homework
[6.164s] -- Up-to-date: /home/arcyfields/ros2/homework_ws/install/homework/share/homework/environment/ament_prefix_path.sh
[6.164s] -- Up-to-date: /home/arcyfields/ros2/homework_ws/install/homework/share/homework/environment/ament_prefix_path.dsv
[6.164s] -- Up-to-date: /home/arcyfields/ros2/homework_ws/install/homework/share/homework/environment/path.sh
[6.164s] -- Up-to-date: /home/arcyfields/ros2/homework_ws/install/homework/share/homework/environment/path.dsv
[6.165s] -- Up-to-date: /home/arcyfields/ros2/homework_ws/install/homework/share/homework/local_setup.bash
[6.165s] -- Up-to-date: /home/arcyfields/ros2/homework_ws/install/homework/share/homework/local_setup.sh
[6.165s] -- Up-to-date: /home/arcyfields/ros2/homework_ws/install/homework/share/homework/local_setup.zsh
[6.165s] -- Up-to-date: /home/arcyfields/ros2/homework_ws/install/homework/share/homework/local_setup.dsv
[6.165s] -- Installing: /home/arcyfields/ros2/homework_ws/install/homework/share/homework/package.dsv
[6.165s] -- Up-to-date: /home/arcyfields/ros2/homework_ws/install/homework/share/ament_index/resource_index/packages/homework
[6.165s] -- Up-to-date: /home/arcyfields/ros2/homework_ws/install/homework/share/homework/cmake/homeworkConfig.cmake
[6.165s] -- Up-to-date: /home/arcyfields/ros2/homework_ws/install/homework/share/homework/cmake/homeworkConfig-version.cmake
[6.165s] -- Up-to-date: /home/arcyfields/ros2/homework_ws/install/homework/share/homework/package.xml
[6.167s] Invoked command in '/home/arcyfields/ros2/homework_ws/build/homework' returned '0': CMAKE_PREFIX_PATH=${CMAKE_PREFIX_PATH}:/opt/ros/humble /usr/bin/cmake --install /home/arcyfields/ros2/homework_ws/build/homework
