-- Found ament_cmake: 1.3.12 (/opt/ros/humble/share/ament_cmake/cmake)
-- Found rclcpp: 16.0.15 (/opt/ros/humble/share/rclcpp/cmake)
-- Found rosidl_generator_c: 3.1.7 (/opt/ros/humble/share/rosidl_generator_c/cmake)
-- Found rosidl_adapter: 3.1.7 (/opt/ros/humble/share/rosidl_adapter/cmake)
-- Found rosidl_generator_cpp: 3.1.7 (/opt/ros/humble/share/rosidl_generator_cpp/cmake)
-- Using all available rosidl_typesupport_c: rosidl_typesupport_fastrtps_c;rosidl_typesupport_introspection_c
-- Using all available rosidl_typesupport_cpp: rosidl_typesupport_fastrtps_cpp;rosidl_typesupport_introspection_cpp
-- Found rmw_implementation_cmake: 6.1.2 (/opt/ros/humble/share/rmw_implementation_cmake/cmake)
-- Found rmw_fastrtps_cpp: 6.2.9 (/opt/ros/humble/share/rmw_fastrtps_cpp/cmake)
-- Using RMW implementation 'rmw_fastrtps_cpp' as default
-- Found rm_server: 0.0.0 (/home/arcyfields/ros2/ros2_ws/install/rm_server/share/rm_server/cmake)
-- Found ament_lint_auto: 0.12.14 (/opt/ros/humble/share/ament_lint_auto/cmake)
-- Added test 'cppcheck' to perform static code analysis on C / C++ code
-- Configured cppcheck include dirs: 
-- Configured cppcheck exclude dirs and/or files: 
-- Added test 'lint_cmake' to check CMake code style
-- Added test 'uncrustify' to check C / C++ code style
-- Configured uncrustify additional arguments: 
-- Added test 'xmllint' to check XML markup files
-- Configuring done
-- Generating done
-- Build files have been written to: /home/arcyfields/ros2/ros2_ws/build/calculating_client
[35m[1mConsolidate compiler generated dependencies of target client[0m
[ 50%] [32mBuilding CXX object CMakeFiles/client.dir/src/calculating.cpp.o[0m
[100%] [32m[1mLinking CXX executable client[0m
[100%] Built target client
-- Install configuration: ""
-- Installing: /home/arcyfields/ros2/ros2_ws/install/calculating_client/lib/calculating_client/client
-- Set runtime path of "/home/arcyfields/ros2/ros2_ws/install/calculating_client/lib/calculating_client/client" to ""
-- Installing: /home/arcyfields/ros2/ros2_ws/install/calculating_client/share/ament_index/resource_index/package_run_dependencies/calculating_client
-- Installing: /home/arcyfields/ros2/ros2_ws/install/calculating_client/share/ament_index/resource_index/parent_prefix_path/calculating_client
-- Up-to-date: /home/arcyfields/ros2/ros2_ws/install/calculating_client/share/calculating_client/environment/ament_prefix_path.sh
-- Installing: /home/arcyfields/ros2/ros2_ws/install/calculating_client/share/calculating_client/environment/ament_prefix_path.dsv
-- Up-to-date: /home/arcyfields/ros2/ros2_ws/install/calculating_client/share/calculating_client/environment/path.sh
-- Installing: /home/arcyfields/ros2/ros2_ws/install/calculating_client/share/calculating_client/environment/path.dsv
-- Up-to-date: /home/arcyfields/ros2/ros2_ws/install/calculating_client/share/calculating_client/local_setup.bash
-- Up-to-date: /home/arcyfields/ros2/ros2_ws/install/calculating_client/share/calculating_client/local_setup.sh
-- Up-to-date: /home/arcyfields/ros2/ros2_ws/install/calculating_client/share/calculating_client/local_setup.zsh
-- Installing: /home/arcyfields/ros2/ros2_ws/install/calculating_client/share/calculating_client/local_setup.dsv
-- Installing: /home/arcyfields/ros2/ros2_ws/install/calculating_client/share/calculating_client/package.dsv
-- Up-to-date: /home/arcyfields/ros2/ros2_ws/install/calculating_client/share/ament_index/resource_index/packages/calculating_client
-- Up-to-date: /home/arcyfields/ros2/ros2_ws/install/calculating_client/share/calculating_client/cmake/calculating_clientConfig.cmake
-- Up-to-date: /home/arcyfields/ros2/ros2_ws/install/calculating_client/share/calculating_client/cmake/calculating_clientConfig-version.cmake
-- Installing: /home/arcyfields/ros2/ros2_ws/install/calculating_client/share/calculating_client/package.xml
