-- Found rclcpp: 16.0.18 (/opt/ros/humble/share/rclcpp/cmake)
-- Found rosidl_generator_c: 3.1.8 (/opt/ros/humble/share/rosidl_generator_c/cmake)
-- Found rosidl_adapter: 3.1.8 (/opt/ros/humble/share/rosidl_adapter/cmake)
-- Found rosidl_generator_cpp: 3.1.8 (/opt/ros/humble/share/rosidl_generator_cpp/cmake)
-- Using all available rosidl_typesupport_c: rosidl_typesupport_fastrtps_c;rosidl_typesupport_introspection_c
-- Using all available rosidl_typesupport_cpp: rosidl_typesupport_fastrtps_cpp;rosidl_typesupport_introspection_cpp
-- Found rmw_implementation_cmake: 6.1.2 (/opt/ros/humble/share/rmw_implementation_cmake/cmake)
-- Found rmw_fastrtps_cpp: 6.2.10 (/opt/ros/humble/share/rmw_fastrtps_cpp/cmake)
-- Using RMW implementation 'rmw_fastrtps_cpp' as default
-- Found cv_bridge: 3.2.1 (/opt/ros/humble/share/cv_bridge/cmake)
-- Found ament_lint_auto: 0.12.15 (/opt/ros/humble/share/ament_lint_auto/cmake)
-- Added test 'cppcheck' to perform static code analysis on C / C++ code
-- Configured cppcheck include dirs: /home/arcyfields/ros2/homework_ws/src/homework/include/homework;/home/arcyfields/ros2/homework_ws/src/homework/msg_serializer
-- Configured cppcheck exclude dirs and/or files: 
-- Added test 'lint_cmake' to check CMake code style
-- Added test 'uncrustify' to check C / C++ code style
-- Configured uncrustify additional arguments: 
-- Added test 'xmllint' to check XML markup files
-- Configuring done
-- Generating done
-- Build files have been written to: /home/arcyfields/ros2/homework_ws/build/homework
[35m[1mConsolidate compiler generated dependencies of target main_node[0m
[ 25%] [32mBuilding CXX object CMakeFiles/main_node.dir/src/main.cpp.o[0m
[ 50%] [32mBuilding CXX object CMakeFiles/main_node.dir/src/kalman_filter_and_smth_else.cpp.o[0m
In file included from [01m[K/home/arcyfields/ros2/homework_ws/src/homework/src/main.cpp:7[m[K:
[01m[K/home/arcyfields/ros2/homework_ws/src/homework/include/homework/kalman_filter_and_smth_else.h:48:17:[m[K [01;35m[Kwarning: [m[Kinline function ‘[01m[Kvoid Tracker::update(const std::vector<cv::Point_<int> >&, double)[m[K’ used but never defined
   48 |     inline void [01;35m[Kupdate[m[K(const std::vector<cv::Point> & positions, double _dt = 0.5);
      |                 [01;35m[K^~~~~~[m[K
[01m[K/home/arcyfields/ros2/homework_ws/src/homework/include/homework/kalman_filter_and_smth_else.h:49:31:[m[K [01;35m[Kwarning: [m[Kinline function ‘[01m[Kstd::vector<Armor> Tracker::get_data() const[m[K’ used but never defined
   49 |     inline std::vector<Armor> [01;35m[Kget_data[m[K() const;
      |                               [01;35m[K^~~~~~~~[m[K
[01m[K/home/arcyfields/ros2/homework_ws/src/homework/include/homework/kalman_filter_and_smth_else.h:53:13:[m[K [01;35m[Kwarning: [m[Kinline function ‘[01m[Kvoid get_pre_contours(const Armor&, double, cv::Point, std::vector<std::pair<cv::Point_<int>, cv::Point_<int> > >&)[m[K’ used but never defined
   53 | inline void [01;35m[Kget_pre_contours[m[K(const Armor & armor,
      |             [01;35m[K^~~~~~~~~~~~~~~~[m[K
[01m[K/home/arcyfields/ros2/homework_ws/src/homework/include/homework/kalman_filter_and_smth_else.h:58:18:[m[K [01;35m[Kwarning: [m[Kinline function ‘[01m[Kcv::Point get_pre_ene(const Armor&, cv::Point, double)[m[K’ used but never defined
   58 | inline cv::Point [01;35m[Kget_pre_ene[m[K(const Armor & armor, const cv::Point EMITTER_POS, double dt);
      |                  [01;35m[K^~~~~~~~~~~[m[K
[01m[K/home/arcyfields/ros2/homework_ws/src/homework/include/homework/kalman_filter_and_smth_else.h:64:13:[m[K [01;35m[Kwarning: [m[Kinline function ‘[01m[Kbool check_cross(cv::Point, cv::Point, cv::Point, cv::Point)[m[K’ used but never defined
   64 | inline bool [01;35m[Kcheck_cross[m[K(const cv::Point p11, const cv::Point p12, const cv::Point p21, const cv::Point p22);
      |             [01;35m[K^~~~~~~~~~~[m[K
[01m[K/home/arcyfields/ros2/homework_ws/src/homework/include/homework/kalman_filter_and_smth_else.h:11:15:[m[K [01;35m[Kwarning: [m[Kinline function ‘[01m[Kdouble get_euclid_distance(cv::Point, cv::Point)[m[K’ used but never defined
   11 | inline double [01;35m[Kget_euclid_distance[m[K(cv::Point p1, cv::Point p2);
      |               [01;35m[K^~~~~~~~~~~~~~~~~~~[m[K
[ 75%] [32m[1mLinking CXX executable main_node[0m
/usr/bin/ld: CMakeFiles/main_node.dir/src/main.cpp.o: in function `Homework::img_callback(sensor_msgs::msg::Image_<std::allocator<void> > const&)':
main.cpp:(.text._ZN8Homework12img_callbackERKN11sensor_msgs3msg6Image_ISaIvEEE[_ZN8Homework12img_callbackERKN11sensor_msgs3msg6Image_ISaIvEEE]+0x1dc): undefined reference to `Tracker::update(std::vector<cv::Point_<int>, std::allocator<cv::Point_<int> > > const&, double)'
/usr/bin/ld: main.cpp:(.text._ZN8Homework12img_callbackERKN11sensor_msgs3msg6Image_ISaIvEEE[_ZN8Homework12img_callbackERKN11sensor_msgs3msg6Image_ISaIvEEE]+0x1fc): undefined reference to `Tracker::get_data() const'
/usr/bin/ld: main.cpp:(.text._ZN8Homework12img_callbackERKN11sensor_msgs3msg6Image_ISaIvEEE[_ZN8Homework12img_callbackERKN11sensor_msgs3msg6Image_ISaIvEEE]+0x228): undefined reference to `Tracker::update(std::vector<cv::Point_<int>, std::allocator<cv::Point_<int> > > const&, double)'
/usr/bin/ld: main.cpp:(.text._ZN8Homework12img_callbackERKN11sensor_msgs3msg6Image_ISaIvEEE[_ZN8Homework12img_callbackERKN11sensor_msgs3msg6Image_ISaIvEEE]+0x248): undefined reference to `Tracker::get_data() const'
/usr/bin/ld: main.cpp:(.text._ZN8Homework12img_callbackERKN11sensor_msgs3msg6Image_ISaIvEEE[_ZN8Homework12img_callbackERKN11sensor_msgs3msg6Image_ISaIvEEE]+0x3a9): undefined reference to `get_pre_contours(Armor const&, double, cv::Point_<int>, std::vector<std::pair<cv::Point_<int>, cv::Point_<int> >, std::allocator<std::pair<cv::Point_<int>, cv::Point_<int> > > >&)'
/usr/bin/ld: main.cpp:(.text._ZN8Homework12img_callbackERKN11sensor_msgs3msg6Image_ISaIvEEE[_ZN8Homework12img_callbackERKN11sensor_msgs3msg6Image_ISaIvEEE]+0x4df): undefined reference to `get_pre_ene(Armor const&, cv::Point_<int>, double)'
/usr/bin/ld: main.cpp:(.text._ZN8Homework12img_callbackERKN11sensor_msgs3msg6Image_ISaIvEEE[_ZN8Homework12img_callbackERKN11sensor_msgs3msg6Image_ISaIvEEE]+0x5f0): undefined reference to `check_cross(cv::Point_<int>, cv::Point_<int>, cv::Point_<int>, cv::Point_<int>)'
/usr/bin/ld: main.cpp:(.text._ZN8Homework12img_callbackERKN11sensor_msgs3msg6Image_ISaIvEEE[_ZN8Homework12img_callbackERKN11sensor_msgs3msg6Image_ISaIvEEE]+0x68c): undefined reference to `get_euclid_distance(cv::Point_<int>, cv::Point_<int>)'
/usr/bin/ld: CMakeFiles/main_node.dir/src/main.cpp.o: in function `void std::_Destroy<Armor>(Armor*)':
main.cpp:(.text._ZSt8_DestroyI5ArmorEvPT_[_ZSt8_DestroyI5ArmorEvPT_]+0x18): undefined reference to `Armor::~Armor()'
collect2: error: ld returned 1 exit status
gmake[2]: *** [CMakeFiles/main_node.dir/build.make:262：main_node] 错误 1
gmake[1]: *** [CMakeFiles/Makefile2:137：CMakeFiles/main_node.dir/all] 错误 2
gmake: *** [Makefile:146：all] 错误 2
