[0.010s] Invoking command in '/home/arcyfields/ros2/ros2_ws/build/calculating_client': CMAKE_PREFIX_PATH=/opt/ros/humble /usr/bin/cmake /home/arcyfields/ros2/ros2_ws/src/calculating_client -DCMAKE_INSTALL_PREFIX=/home/arcyfields/ros2/ros2_ws/install/calculating_client
[0.108s] -- The C compiler identification is GNU 11.4.0
[0.165s] -- The CXX compiler identification is GNU 11.4.0
[0.177s] -- Detecting C compiler ABI info
[0.259s] -- Detecting C compiler ABI info - done
[0.268s] -- Check for working C compiler: /usr/bin/cc - skipped
[0.269s] -- Detecting C compile features
[0.269s] -- Detecting C compile features - done
[0.274s] -- Detecting CXX compiler ABI info
[0.363s] -- Detecting CXX compiler ABI info - done
[0.371s] -- Check for working CXX compiler: /usr/bin/c++ - skipped
[0.371s] -- Detecting CXX compile features
[0.372s] -- Detecting CXX compile features - done
[0.374s] -- Found ament_cmake: 1.3.12 (/opt/ros/humble/share/ament_cmake/cmake)
[0.516s] -- Found Python3: /usr/bin/python3 (found version "3.10.12") found components: Interpreter 
[0.580s] -- Found rclcpp: 16.0.15 (/opt/ros/humble/share/rclcpp/cmake)
[0.608s] -- Found rosidl_generator_c: 3.1.7 (/opt/ros/humble/share/rosidl_generator_c/cmake)
[0.610s] -- Found rosidl_adapter: 3.1.7 (/opt/ros/humble/share/rosidl_adapter/cmake)
[0.615s] -- Found rosidl_generator_cpp: 3.1.7 (/opt/ros/humble/share/rosidl_generator_cpp/cmake)
[0.622s] -- Using all available rosidl_typesupport_c: rosidl_typesupport_fastrtps_c;rosidl_typesupport_introspection_c
[0.632s] -- Using all available rosidl_typesupport_cpp: rosidl_typesupport_fastrtps_cpp;rosidl_typesupport_introspection_cpp
[0.658s] -- Found rmw_implementation_cmake: 6.1.2 (/opt/ros/humble/share/rmw_implementation_cmake/cmake)
[0.659s] -- Found rmw_fastrtps_cpp: 6.2.9 (/opt/ros/humble/share/rmw_fastrtps_cpp/cmake)
[0.741s] -- Found OpenSSL: /usr/lib/x86_64-linux-gnu/libcrypto.so (found version "3.0.2")  
[0.771s] -- Found FastRTPS: /opt/ros/humble/include  
[0.804s] -- Using RMW implementation 'rmw_fastrtps_cpp' as default
[0.811s] -- Looking for pthread.h
[0.891s] -- Looking for pthread.h - found
[0.892s] -- Performing Test CMAKE_HAVE_LIBC_PTHREAD
[0.986s] -- Performing Test CMAKE_HAVE_LIBC_PTHREAD - Success
[0.988s] -- Found Threads: TRUE  
[1.027s] -- Found ament_lint_auto: 0.12.14 (/opt/ros/humble/share/ament_lint_auto/cmake)
[1.079s] -- Added test 'cppcheck' to perform static code analysis on C / C++ code
[1.079s] -- Configured cppcheck include dirs: 
[1.079s] -- Configured cppcheck exclude dirs and/or files: 
[1.081s] -- Added test 'lint_cmake' to check CMake code style
[1.087s] -- Added test 'uncrustify' to check C / C++ code style
[1.087s] -- Configured uncrustify additional arguments: 
[1.088s] -- Added test 'xmllint' to check XML markup files
[1.089s] -- Configuring done
[1.093s] -- Generating done
[1.095s] -- Build files have been written to: /home/arcyfields/ros2/ros2_ws/build/calculating_client
[1.100s] Invoked command in '/home/arcyfields/ros2/ros2_ws/build/calculating_client' returned '0': CMAKE_PREFIX_PATH=/opt/ros/humble /usr/bin/cmake /home/arcyfields/ros2/ros2_ws/src/calculating_client -DCMAKE_INSTALL_PREFIX=/home/arcyfields/ros2/ros2_ws/install/calculating_client
[1.102s] Invoking command in '/home/arcyfields/ros2/ros2_ws/build/calculating_client': CMAKE_PREFIX_PATH=/opt/ros/humble /usr/bin/cmake --build /home/arcyfields/ros2/ros2_ws/build/calculating_client -- -j32 -l32
[1.154s] [ 50%] [32mBuilding CXX object CMakeFiles/client.dir/src/calculating.cpp.o[0m
[2.673s] [100%] [32m[1mLinking CXX executable client[0m
[2.751s] [100%] Built target client
[2.761s] Invoked command in '/home/arcyfields/ros2/ros2_ws/build/calculating_client' returned '0': CMAKE_PREFIX_PATH=/opt/ros/humble /usr/bin/cmake --build /home/arcyfields/ros2/ros2_ws/build/calculating_client -- -j32 -l32
[2.770s] Invoking command in '/home/arcyfields/ros2/ros2_ws/build/calculating_client': CMAKE_PREFIX_PATH=/opt/ros/humble /usr/bin/cmake --install /home/arcyfields/ros2/ros2_ws/build/calculating_client
[2.779s] -- Install configuration: ""
[2.779s] -- Installing: /home/arcyfields/ros2/ros2_ws/install/calculating_client/lib/calculating_client/client
[2.779s] -- Set runtime path of "/home/arcyfields/ros2/ros2_ws/install/calculating_client/lib/calculating_client/client" to ""
[2.779s] -- Installing: /home/arcyfields/ros2/ros2_ws/install/calculating_client/share/ament_index/resource_index/package_run_dependencies/calculating_client
[2.779s] -- Installing: /home/arcyfields/ros2/ros2_ws/install/calculating_client/share/ament_index/resource_index/parent_prefix_path/calculating_client
[2.779s] -- Installing: /home/arcyfields/ros2/ros2_ws/install/calculating_client/share/calculating_client/environment/ament_prefix_path.sh
[2.779s] -- Installing: /home/arcyfields/ros2/ros2_ws/install/calculating_client/share/calculating_client/environment/ament_prefix_path.dsv
[2.779s] -- Installing: /home/arcyfields/ros2/ros2_ws/install/calculating_client/share/calculating_client/environment/path.sh
[2.780s] -- Installing: /home/arcyfields/ros2/ros2_ws/install/calculating_client/share/calculating_client/environment/path.dsv
[2.780s] -- Installing: /home/arcyfields/ros2/ros2_ws/install/calculating_client/share/calculating_client/local_setup.bash
[2.780s] -- Installing: /home/arcyfields/ros2/ros2_ws/install/calculating_client/share/calculating_client/local_setup.sh
[2.780s] -- Installing: /home/arcyfields/ros2/ros2_ws/install/calculating_client/share/calculating_client/local_setup.zsh
[2.780s] -- Installing: /home/arcyfields/ros2/ros2_ws/install/calculating_client/share/calculating_client/local_setup.dsv
[2.780s] -- Installing: /home/arcyfields/ros2/ros2_ws/install/calculating_client/share/calculating_client/package.dsv
[2.780s] -- Installing: /home/arcyfields/ros2/ros2_ws/install/calculating_client/share/ament_index/resource_index/packages/calculating_client
[2.780s] -- Installing: /home/arcyfields/ros2/ros2_ws/install/calculating_client/share/calculating_client/cmake/calculating_clientConfig.cmake
[2.780s] -- Installing: /home/arcyfields/ros2/ros2_ws/install/calculating_client/share/calculating_client/cmake/calculating_clientConfig-version.cmake
[2.781s] -- Installing: /home/arcyfields/ros2/ros2_ws/install/calculating_client/share/calculating_client/package.xml
[2.783s] Invoked command in '/home/arcyfields/ros2/ros2_ws/build/calculating_client' returned '0': CMAKE_PREFIX_PATH=/opt/ros/humble /usr/bin/cmake --install /home/arcyfields/ros2/ros2_ws/build/calculating_client
