[0.012s] Invoking command in '/home/arcyfields/ros2/homework_ws/build/homework': CMAKE_PREFIX_PATH=${CMAKE_PREFIX_PATH}:/opt/ros/humble /usr/bin/cmake --build /home/arcyfields/ros2/homework_ws/build/homework -- -j32 -l32
[0.049s] [35m[1mConsolidate compiler generated dependencies of target main_node[0m
[0.072s] [ 25%] [32mBuilding CXX object CMakeFiles/main_node.dir/src/main.cpp.o[0m
[5.853s] [ 50%] [32m[1mLinking CXX executable main_node[0m
[6.361s] [100%] Built target main_node
[6.369s] Invoked command in '/home/arcyfields/ros2/homework_ws/build/homework' returned '0': CMAKE_PREFIX_PATH=${CMAKE_PREFIX_PATH}:/opt/ros/humble /usr/bin/cmake --build /home/arcyfields/ros2/homework_ws/build/homework -- -j32 -l32
[6.379s] Invoking command in '/home/arcyfields/ros2/homework_ws/build/homework': CMAKE_PREFIX_PATH=${CMAKE_PREFIX_PATH}:/opt/ros/humble /usr/bin/cmake --install /home/arcyfields/ros2/homework_ws/build/homework
[6.384s] -- Install configuration: ""
[6.384s] -- Installing: /home/arcyfields/ros2/homework_ws/install/homework/lib/homework/main_node
[6.386s] -- Set runtime path of "/home/arcyfields/ros2/homework_ws/install/homework/lib/homework/main_node" to ""
[6.386s] -- Up-to-date: /home/arcyfields/ros2/homework_ws/install/homework/share/ament_index/resource_index/package_run_dependencies/homework
[6.386s] -- Up-to-date: /home/arcyfields/ros2/homework_ws/install/homework/share/ament_index/resource_index/parent_prefix_path/homework
[6.387s] -- Up-to-date: /home/arcyfields/ros2/homework_ws/install/homework/share/homework/environment/ament_prefix_path.sh
[6.387s] -- Up-to-date: /home/arcyfields/ros2/homework_ws/install/homework/share/homework/environment/ament_prefix_path.dsv
[6.387s] -- Up-to-date: /home/arcyfields/ros2/homework_ws/install/homework/share/homework/environment/path.sh
[6.387s] -- Up-to-date: /home/arcyfields/ros2/homework_ws/install/homework/share/homework/environment/path.dsv
[6.387s] -- Up-to-date: /home/arcyfields/ros2/homework_ws/install/homework/share/homework/local_setup.bash
[6.387s] -- Up-to-date: /home/arcyfields/ros2/homework_ws/install/homework/share/homework/local_setup.sh
[6.387s] -- Up-to-date: /home/arcyfields/ros2/homework_ws/install/homework/share/homework/local_setup.zsh
[6.387s] -- Up-to-date: /home/arcyfields/ros2/homework_ws/install/homework/share/homework/local_setup.dsv
[6.387s] -- Installing: /home/arcyfields/ros2/homework_ws/install/homework/share/homework/package.dsv
[6.387s] -- Up-to-date: /home/arcyfields/ros2/homework_ws/install/homework/share/ament_index/resource_index/packages/homework
[6.387s] -- Up-to-date: /home/arcyfields/ros2/homework_ws/install/homework/share/homework/cmake/homeworkConfig.cmake
[6.387s] -- Up-to-date: /home/arcyfields/ros2/homework_ws/install/homework/share/homework/cmake/homeworkConfig-version.cmake
[6.387s] -- Up-to-date: /home/arcyfields/ros2/homework_ws/install/homework/share/homework/package.xml
[6.388s] Invoked command in '/home/arcyfields/ros2/homework_ws/build/homework' returned '0': CMAKE_PREFIX_PATH=${CMAKE_PREFIX_PATH}:/opt/ros/humble /usr/bin/cmake --install /home/arcyfields/ros2/homework_ws/build/homework
