[0.012s] Invoking command in '/home/arcyfields/ros2/ros2_ws/build/calculating_client': CMAKE_PREFIX_PATH=${CMAKE_PREFIX_PATH}:/opt/ros/humble /usr/bin/cmake --build /home/arcyfields/ros2/ros2_ws/build/calculating_client -- -j32 -l32
[0.032s] -- Found ament_cmake: 1.3.12 (/opt/ros/humble/share/ament_cmake/cmake)
[0.126s] -- Found rclcpp: 16.0.15 (/opt/ros/humble/share/rclcpp/cmake)
[0.144s] -- Found rosidl_generator_c: 3.1.7 (/opt/ros/humble/share/rosidl_generator_c/cmake)
[0.146s] -- Found rosidl_adapter: 3.1.7 (/opt/ros/humble/share/rosidl_adapter/cmake)
[0.149s] -- Found rosidl_generator_cpp: 3.1.7 (/opt/ros/humble/share/rosidl_generator_cpp/cmake)
[0.155s] -- Using all available rosidl_typesupport_c: rosidl_typesupport_fastrtps_c;rosidl_typesupport_introspection_c
[0.163s] -- Using all available rosidl_typesupport_cpp: rosidl_typesupport_fastrtps_cpp;rosidl_typesupport_introspection_cpp
[0.184s] -- Found rmw_implementation_cmake: 6.1.2 (/opt/ros/humble/share/rmw_implementation_cmake/cmake)
[0.185s] -- Found rmw_fastrtps_cpp: 6.2.9 (/opt/ros/humble/share/rmw_fastrtps_cpp/cmake)
[0.260s] -- Using RMW implementation 'rmw_fastrtps_cpp' as default
[0.294s] -- Found rm_server: 0.0.0 (/home/arcyfields/ros2/ros2_ws/install/rm_server/share/rm_server/cmake)
[0.301s] -- Found ament_lint_auto: 0.12.14 (/opt/ros/humble/share/ament_lint_auto/cmake)
[0.353s] -- Added test 'cppcheck' to perform static code analysis on C / C++ code
[0.353s] -- Configured cppcheck include dirs: 
[0.353s] -- Configured cppcheck exclude dirs and/or files: 
[0.354s] -- Added test 'lint_cmake' to check CMake code style
[0.359s] -- Added test 'uncrustify' to check C / C++ code style
[0.359s] -- Configured uncrustify additional arguments: 
[0.359s] -- Added test 'xmllint' to check XML markup files
[0.360s] -- Configuring done
[0.365s] -- Generating done
[0.367s] -- Build files have been written to: /home/arcyfields/ros2/ros2_ws/build/calculating_client
[0.392s] [35m[1mConsolidate compiler generated dependencies of target client[0m
[0.415s] [ 50%] [32mBuilding CXX object CMakeFiles/client.dir/src/calculating.cpp.o[0m
[5.446s] [100%] [32m[1mLinking CXX executable client[0m
[5.712s] [100%] Built target client
[5.721s] Invoked command in '/home/arcyfields/ros2/ros2_ws/build/calculating_client' returned '0': CMAKE_PREFIX_PATH=${CMAKE_PREFIX_PATH}:/opt/ros/humble /usr/bin/cmake --build /home/arcyfields/ros2/ros2_ws/build/calculating_client -- -j32 -l32
[5.732s] Invoking command in '/home/arcyfields/ros2/ros2_ws/build/calculating_client': CMAKE_PREFIX_PATH=${CMAKE_PREFIX_PATH}:/opt/ros/humble /usr/bin/cmake --install /home/arcyfields/ros2/ros2_ws/build/calculating_client
[5.742s] -- Install configuration: ""
[5.742s] -- Installing: /home/arcyfields/ros2/ros2_ws/install/calculating_client/lib/calculating_client/client
[5.745s] -- Set runtime path of "/home/arcyfields/ros2/ros2_ws/install/calculating_client/lib/calculating_client/client" to ""
[5.745s] -- Up-to-date: /home/arcyfields/ros2/ros2_ws/install/calculating_client/share/ament_index/resource_index/package_run_dependencies/calculating_client
[5.745s] -- Up-to-date: /home/arcyfields/ros2/ros2_ws/install/calculating_client/share/ament_index/resource_index/parent_prefix_path/calculating_client
[5.745s] -- Up-to-date: /home/arcyfields/ros2/ros2_ws/install/calculating_client/share/calculating_client/environment/ament_prefix_path.sh
[5.745s] -- Installing: /home/arcyfields/ros2/ros2_ws/install/calculating_client/share/calculating_client/environment/ament_prefix_path.dsv
[5.745s] -- Up-to-date: /home/arcyfields/ros2/ros2_ws/install/calculating_client/share/calculating_client/environment/path.sh
[5.745s] -- Installing: /home/arcyfields/ros2/ros2_ws/install/calculating_client/share/calculating_client/environment/path.dsv
[5.746s] -- Up-to-date: /home/arcyfields/ros2/ros2_ws/install/calculating_client/share/calculating_client/local_setup.bash
[5.746s] -- Up-to-date: /home/arcyfields/ros2/ros2_ws/install/calculating_client/share/calculating_client/local_setup.sh
[5.746s] -- Up-to-date: /home/arcyfields/ros2/ros2_ws/install/calculating_client/share/calculating_client/local_setup.zsh
[5.746s] -- Installing: /home/arcyfields/ros2/ros2_ws/install/calculating_client/share/calculating_client/local_setup.dsv
[5.746s] -- Installing: /home/arcyfields/ros2/ros2_ws/install/calculating_client/share/calculating_client/package.dsv
[5.746s] -- Up-to-date: /home/arcyfields/ros2/ros2_ws/install/calculating_client/share/ament_index/resource_index/packages/calculating_client
[5.746s] -- Up-to-date: /home/arcyfields/ros2/ros2_ws/install/calculating_client/share/calculating_client/cmake/calculating_clientConfig.cmake
[5.746s] -- Up-to-date: /home/arcyfields/ros2/ros2_ws/install/calculating_client/share/calculating_client/cmake/calculating_clientConfig-version.cmake
[5.746s] -- Up-to-date: /home/arcyfields/ros2/ros2_ws/install/calculating_client/share/calculating_client/package.xml
[5.747s] Invoked command in '/home/arcyfields/ros2/ros2_ws/build/calculating_client' returned '0': CMAKE_PREFIX_PATH=${CMAKE_PREFIX_PATH}:/opt/ros/humble /usr/bin/cmake --install /home/arcyfields/ros2/ros2_ws/build/calculating_client
