[0.007s] Invoking command in '/home/arcyfields/ros2/ros2_ws/build/rm_server': CMAKE_PREFIX_PATH=${CMAKE_PREFIX_PATH}:/opt/ros/humble /usr/bin/cmake /home/arcyfields/ros2/ros2_ws/src/rm_server -DCMAKE_INSTALL_PREFIX=/home/arcyfields/ros2/ros2_ws/install/rm_server
[0.069s] -- The C compiler identification is GNU 11.4.0
[0.120s] -- The CXX compiler identification is GNU 11.4.0
[0.126s] -- Detecting C compiler ABI info
[0.206s] -- Detecting C compiler ABI info - done
[0.215s] -- Check for working C compiler: /usr/bin/cc - skipped
[0.215s] -- Detecting C compile features
[0.216s] -- Detecting C compile features - done
[0.218s] -- Detecting CXX compiler ABI info
[0.283s] -- Detecting CXX compiler ABI info - done
[0.288s] -- Check for working CXX compiler: /usr/bin/c++ - skipped
[0.288s] -- Detecting CXX compile features
[0.288s] -- Detecting CXX compile features - done
[0.289s] -- Found ament_cmake: 1.3.12 (/opt/ros/humble/share/ament_cmake/cmake)
[0.413s] -- Found Python3: /usr/bin/python3 (found version "3.10.12") found components: Interpreter 
[0.475s] -- Found rosidl_default_generators: 1.2.0 (/opt/ros/humble/share/rosidl_default_generators/cmake)
[0.477s] -- Using all available rosidl_typesupport_c: rosidl_typesupport_fastrtps_c;rosidl_typesupport_introspection_c
[0.480s] -- Found rosidl_adapter: 3.1.7 (/opt/ros/humble/share/rosidl_adapter/cmake)
[0.504s] -- Using all available rosidl_typesupport_cpp: rosidl_typesupport_fastrtps_cpp;rosidl_typesupport_introspection_cpp
[0.646s] [31mCMake Error at /opt/ros/humble/share/rosidl_adapter/cmake/rosidl_adapt_interfaces.cmake:59 (message):
[0.646s]   execute_process(/usr/bin/python3 -m rosidl_adapter --package-name rm_server
[0.646s]   --arguments-file
[0.646s]   /home/arcyfields/ros2/ros2_ws/build/rm_server/rosidl_adapter__arguments__rm_server.json
[0.647s]   --output-dir
[0.647s]   /home/arcyfields/ros2/ros2_ws/build/rm_server/rosidl_adapter/rm_server
[0.647s]   --output-file
[0.647s]   /home/arcyfields/ros2/ros2_ws/build/rm_server/rosidl_adapter/rm_server.idls)
[0.647s]   returned error code 1:
[0.647s] 
[0.647s]   Traceback (most recent call last):
[0.647s] 
[0.647s]     File "/usr/lib/python3.10/runpy.py", line 196, in _run_module_as_main
[0.647s]       return _run_code(code, main_globals, None,
[0.647s]     File "/usr/lib/python3.10/runpy.py", line 86, in _run_code
[0.647s]       exec(code, run_globals)
[0.647s]     File "/opt/ros/humble/local/lib/python3.10/dist-packages/rosidl_adapter/__main__.py", line 19, in <module>
[0.647s]       sys.exit(main())
[0.647s]     File "/opt/ros/humble/local/lib/python3.10/dist-packages/rosidl_adapter/main.py", line 53, in main
[0.647s]       abs_idl_file = convert_to_idl(
[0.647s]     File "/opt/ros/humble/local/lib/python3.10/dist-packages/rosidl_adapter/__init__.py", line 19, in convert_to_idl
[0.647s]       return convert_msg_to_idl(
[0.647s]     File "/opt/ros/humble/local/lib/python3.10/dist-packages/rosidl_adapter/msg/__init__.py", line 28, in convert_msg_to_idl
[0.647s]       msg = parse_message_string(package_name, input_file.stem, content)
[0.647s]     File "/opt/ros/humble/local/lib/python3.10/dist-packages/rosidl_adapter/parser.py", line 544, in parse_message_string
[0.647s]       msg = MessageSpecification(pkg_name, msg_name, fields, constants)
[0.647s]     File "/opt/ros/humble/local/lib/python3.10/dist-packages/rosidl_adapter/parser.py", line 388, in __init__
[0.647s]       self.base_type = BaseType(
[0.647s]     File "/opt/ros/humble/local/lib/python3.10/dist-packages/rosidl_adapter/parser.py", line 205, in __init__
[0.647s]       raise InvalidResourceName(
[0.647s] 
[0.647s]   rosidl_adapter.parser.InvalidResourceName: 'get_el_gamal_params' is an
[0.647s]   invalid message name.  It should have the pattern '^[A-Z][A-Za-z0-9]*$'
[0.647s] 
[0.647s] Call Stack (most recent call first):
[0.647s]   /opt/ros/humble/share/rosidl_cmake/cmake/rosidl_generate_interfaces.cmake:130 (rosidl_adapt_interfaces)
[0.647s]   CMakeLists.txt:15 (rosidl_generate_interfaces)
[0.647s] 
[0.648s] [0m
[0.648s] -- Configuring incomplete, errors occurred!
[0.648s] See also "/home/arcyfields/ros2/ros2_ws/build/rm_server/CMakeFiles/CMakeOutput.log".
[0.651s] Invoked command in '/home/arcyfields/ros2/ros2_ws/build/rm_server' returned '1': CMAKE_PREFIX_PATH=${CMAKE_PREFIX_PATH}:/opt/ros/humble /usr/bin/cmake /home/arcyfields/ros2/ros2_ws/src/rm_server -DCMAKE_INSTALL_PREFIX=/home/arcyfields/ros2/ros2_ws/install/rm_server
