[0.007s] Invoking command in '/home/arcyfields/ros2/ros2_ws/build/rm_server': CMAKE_PREFIX_PATH=${CMAKE_PREFIX_PATH}:/opt/ros/humble /usr/bin/cmake /home/arcyfields/ros2/ros2_ws/src/rm_server -DCMAKE_INSTALL_PREFIX=/home/arcyfields/ros2/ros2_ws/install/rm_server
[0.020s] -- Found ament_cmake: 1.3.12 (/opt/ros/humble/share/ament_cmake/cmake)
[0.118s] -- Found rosidl_default_generators: 1.2.0 (/opt/ros/humble/share/rosidl_default_generators/cmake)
[0.119s] -- Using all available rosidl_typesupport_c: rosidl_typesupport_fastrtps_c;rosidl_typesupport_introspection_c
[0.121s] -- Found rosidl_adapter: 3.1.7 (/opt/ros/humble/share/rosidl_adapter/cmake)
[0.139s] -- Using all available rosidl_typesupport_cpp: rosidl_typesupport_fastrtps_cpp;rosidl_typesupport_introspection_cpp
[0.355s] -- Found ament_cmake_ros: 0.10.0 (/opt/ros/humble/share/ament_cmake_ros/cmake)
[0.511s] -- Using all available rosidl_typesupport_c: rosidl_typesupport_fastrtps_c;rosidl_typesupport_introspection_c
[0.708s] -- Using all available rosidl_typesupport_cpp: rosidl_typesupport_fastrtps_cpp;rosidl_typesupport_introspection_cpp
[0.729s] -- Found PythonInterp: /usr/bin/python3 (found suitable version "3.10.12", minimum required is "3.6") 
[0.730s] -- Found python_cmake_module: 0.10.0 (/opt/ros/humble/share/python_cmake_module/cmake)
[0.752s] -- Found PythonLibs: /usr/lib/x86_64-linux-gnu/libpython3.10.so (found suitable version "3.10.12", minimum required is "3.5") 
[0.752s] -- Using PYTHON_EXECUTABLE: /usr/bin/python3
[0.752s] -- Using PYTHON_INCLUDE_DIRS: /usr/include/python3.10
[0.752s] -- Using PYTHON_LIBRARIES: /usr/lib/x86_64-linux-gnu/libpython3.10.so
[0.773s] -- Found PythonExtra: .so  
[0.804s] -- Found ament_lint_auto: 0.12.14 (/opt/ros/humble/share/ament_lint_auto/cmake)
[0.819s] -- Added test 'lint_cmake' to check CMake code style
[0.820s] -- Added test 'xmllint' to check XML markup files
[0.822s] -- Configuring done
[0.836s] -- Generating done
[0.842s] -- Build files have been written to: /home/arcyfields/ros2/ros2_ws/build/rm_server
[0.844s] Invoked command in '/home/arcyfields/ros2/ros2_ws/build/rm_server' returned '0': CMAKE_PREFIX_PATH=${CMAKE_PREFIX_PATH}:/opt/ros/humble /usr/bin/cmake /home/arcyfields/ros2/ros2_ws/src/rm_server -DCMAKE_INSTALL_PREFIX=/home/arcyfields/ros2/ros2_ws/install/rm_server
[0.846s] Invoking command in '/home/arcyfields/ros2/ros2_ws/build/rm_server': CMAKE_PREFIX_PATH=${CMAKE_PREFIX_PATH}:/opt/ros/humble /usr/bin/cmake --build /home/arcyfields/ros2/ros2_ws/build/rm_server -- -j32 -l32
[0.884s] [  3%] [34m[1mGenerating C code for ROS interfaces[0m
[0.893s] [  6%] [34m[1mGenerating C++ code for ROS interfaces[0m
[0.897s] [  6%] Built target ament_cmake_python_copy_rm_server
[1.039s] running egg_info
[1.040s] creating rm_server.egg-info
[1.040s] writing rm_server.egg-info/PKG-INFO
[1.040s] writing dependency_links to rm_server.egg-info/dependency_links.txt
[1.040s] writing top-level names to rm_server.egg-info/top_level.txt
[1.040s] writing manifest file 'rm_server.egg-info/SOURCES.txt'
[1.042s] reading manifest file 'rm_server.egg-info/SOURCES.txt'
[1.042s] writing manifest file 'rm_server.egg-info/SOURCES.txt'
[1.046s] [  6%] Built target rm_server__cpp
[1.054s] [  9%] [32mBuilding C object CMakeFiles/rm_server__rosidl_generator_c.dir/rosidl_generator_c/rm_server/msg/detail/get_el_gamal_params__functions.c.o[0m
[1.054s] [ 12%] [34m[1mGenerating C++ introspection for ROS interfaces[0m
[1.055s] [ 16%] [34m[1mGenerating C++ type support dispatch for ROS interfaces[0m
[1.056s] [ 19%] [34m[1mGenerating C++ type support for eProsima Fast-RTPS[0m
[1.061s] [ 19%] Built target ament_cmake_python_build_rm_server_egg
[1.092s] [ 22%] [32m[1mLinking C shared library librm_server__rosidl_generator_c.so[0m
[1.125s] [ 22%] Built target rm_server__rosidl_generator_c
[1.135s] [ 25%] [34m[1mGenerating C type support for eProsima Fast-RTPS[0m
[1.135s] [ 32%] [34m[1mGenerating C type support dispatch for ROS interfaces[0m
[1.135s] [ 32%] [34m[1mGenerating C introspection for ROS interfaces[0m
[1.194s] [ 35%] [32mBuilding CXX object CMakeFiles/rm_server__rosidl_typesupport_cpp.dir/rosidl_typesupport_cpp/rm_server/msg/get_el_gamal_params__type_support.cpp.o[0m
[1.209s] [ 38%] [32mBuilding CXX object CMakeFiles/rm_server__rosidl_typesupport_introspection_cpp.dir/rosidl_typesupport_introspection_cpp/rm_server/msg/detail/get_el_gamal_params__type_support.cpp.o[0m
[1.211s] [ 41%] [32mBuilding CXX object CMakeFiles/rm_server__rosidl_typesupport_fastrtps_cpp.dir/rosidl_typesupport_fastrtps_cpp/rm_server/msg/detail/dds_fastrtps/get_el_gamal_params__type_support.cpp.o[0m
[1.282s] [ 45%] [32mBuilding CXX object CMakeFiles/rm_server__rosidl_typesupport_c.dir/rosidl_typesupport_c/rm_server/msg/get_el_gamal_params__type_support.cpp.o[0m
[1.296s] [ 48%] [32mBuilding CXX object CMakeFiles/rm_server__rosidl_typesupport_fastrtps_c.dir/rosidl_typesupport_fastrtps_c/rm_server/msg/detail/get_el_gamal_params__type_support_c.cpp.o[0m
[1.299s] [ 51%] [32mBuilding C object CMakeFiles/rm_server__rosidl_typesupport_introspection_c.dir/rosidl_typesupport_introspection_c/rm_server/msg/detail/get_el_gamal_params__type_support.c.o[0m
[1.307s] [ 54%] [32m[1mLinking CXX shared library librm_server__rosidl_typesupport_c.so[0m
[1.328s] [ 58%] [32m[1mLinking C shared library librm_server__rosidl_typesupport_introspection_c.so[0m
[1.344s] [ 58%] Built target rm_server__rosidl_typesupport_c
[1.351s] [ 61%] [32m[1mLinking CXX shared library librm_server__rosidl_typesupport_cpp.so[0m
[1.355s] [ 61%] Built target rm_server__rosidl_typesupport_introspection_c
[1.385s] [ 61%] Built target rm_server__rosidl_typesupport_cpp
[1.423s] [ 64%] [32m[1mLinking CXX shared library librm_server__rosidl_typesupport_introspection_cpp.so[0m
[1.433s] [ 67%] [32m[1mLinking CXX shared library librm_server__rosidl_typesupport_fastrtps_cpp.so[0m
[1.455s] [ 67%] Built target rm_server__rosidl_typesupport_introspection_cpp
[1.481s] [ 70%] [32m[1mLinking CXX shared library librm_server__rosidl_typesupport_fastrtps_c.so[0m
[1.484s] [ 70%] Built target rm_server__rosidl_typesupport_fastrtps_cpp
[1.532s] [ 70%] Built target rm_server__rosidl_typesupport_fastrtps_c
[1.556s] [ 70%] Built target rm_server
[1.580s] [ 74%] [34m[1mGenerating Python code for ROS interfaces[0m
[1.769s] [ 74%] Built target rm_server__py
[1.795s] [ 77%] [32mBuilding C object CMakeFiles/rm_server__rosidl_generator_py.dir/rosidl_generator_py/rm_server/msg/_get_el_gamal_params_s.c.o[0m
[1.867s] [ 80%] [32m[1mLinking C shared library rosidl_generator_py/rm_server/librm_server__rosidl_generator_py.so[0m
[1.909s] [ 80%] Built target rm_server__rosidl_generator_py
[1.935s] [ 83%] [32mBuilding C object CMakeFiles/rm_server__rosidl_typesupport_c__pyext.dir/rosidl_generator_py/rm_server/_rm_server_s.ep.rosidl_typesupport_c.c.o[0m
[1.935s] [ 87%] [32mBuilding C object CMakeFiles/rm_server__rosidl_typesupport_introspection_c__pyext.dir/rosidl_generator_py/rm_server/_rm_server_s.ep.rosidl_typesupport_introspection_c.c.o[0m
[1.935s] [ 90%] [32mBuilding C object CMakeFiles/rm_server__rosidl_typesupport_fastrtps_c__pyext.dir/rosidl_generator_py/rm_server/_rm_server_s.ep.rosidl_typesupport_fastrtps_c.c.o[0m
[1.997s] [ 93%] [32m[1mLinking C shared library rosidl_generator_py/rm_server/rm_server_s__rosidl_typesupport_introspection_c.cpython-310-x86_64-linux-gnu.so[0m
[1.999s] [ 96%] [32m[1mLinking C shared library rosidl_generator_py/rm_server/rm_server_s__rosidl_typesupport_c.cpython-310-x86_64-linux-gnu.so[0m
[2.001s] [100%] [32m[1mLinking C shared library rosidl_generator_py/rm_server/rm_server_s__rosidl_typesupport_fastrtps_c.cpython-310-x86_64-linux-gnu.so[0m
[2.026s] [100%] Built target rm_server__rosidl_typesupport_introspection_c__pyext
[2.027s] [100%] Built target rm_server__rosidl_typesupport_c__pyext
[2.031s] [100%] Built target rm_server__rosidl_typesupport_fastrtps_c__pyext
[2.045s] Invoked command in '/home/arcyfields/ros2/ros2_ws/build/rm_server' returned '0': CMAKE_PREFIX_PATH=${CMAKE_PREFIX_PATH}:/opt/ros/humble /usr/bin/cmake --build /home/arcyfields/ros2/ros2_ws/build/rm_server -- -j32 -l32
[2.059s] Invoking command in '/home/arcyfields/ros2/ros2_ws/build/rm_server': CMAKE_PREFIX_PATH=${CMAKE_PREFIX_PATH}:/opt/ros/humble /usr/bin/cmake --install /home/arcyfields/ros2/ros2_ws/build/rm_server
[2.068s] -- Install configuration: ""
[2.068s] -- Installing: /home/arcyfields/ros2/ros2_ws/install/rm_server/share/ament_index/resource_index/rosidl_interfaces/rm_server
[2.069s] -- Installing: /home/arcyfields/ros2/ros2_ws/install/rm_server/include/rm_server/rm_server
[2.069s] -- Installing: /home/arcyfields/ros2/ros2_ws/install/rm_server/include/rm_server/rm_server/msg
[2.069s] -- Installing: /home/arcyfields/ros2/ros2_ws/install/rm_server/include/rm_server/rm_server/msg/get_el_gamal_params.h
[2.069s] -- Installing: /home/arcyfields/ros2/ros2_ws/install/rm_server/include/rm_server/rm_server/msg/detail
[2.069s] -- Installing: /home/arcyfields/ros2/ros2_ws/install/rm_server/include/rm_server/rm_server/msg/detail/get_el_gamal_params__functions.c
[2.069s] -- Installing: /home/arcyfields/ros2/ros2_ws/install/rm_server/include/rm_server/rm_server/msg/detail/get_el_gamal_params__functions.h
[2.069s] -- Installing: /home/arcyfields/ros2/ros2_ws/install/rm_server/include/rm_server/rm_server/msg/detail/get_el_gamal_params__type_support.h
[2.070s] -- Installing: /home/arcyfields/ros2/ros2_ws/install/rm_server/include/rm_server/rm_server/msg/detail/get_el_gamal_params__struct.h
[2.070s] -- Installing: /home/arcyfields/ros2/ros2_ws/install/rm_server/include/rm_server/rm_server/msg/rosidl_generator_c__visibility_control.h
[2.070s] -- Installing: /home/arcyfields/ros2/ros2_ws/install/rm_server/share/rm_server/environment/library_path.sh
[2.070s] -- Installing: /home/arcyfields/ros2/ros2_ws/install/rm_server/share/rm_server/environment/library_path.dsv
[2.070s] -- Installing: /home/arcyfields/ros2/ros2_ws/install/rm_server/lib/librm_server__rosidl_generator_c.so
[2.070s] -- Set runtime path of "/home/arcyfields/ros2/ros2_ws/install/rm_server/lib/librm_server__rosidl_generator_c.so" to ""
[2.070s] -- Up-to-date: /home/arcyfields/ros2/ros2_ws/install/rm_server/include/rm_server/rm_server
[2.070s] -- Up-to-date: /home/arcyfields/ros2/ros2_ws/install/rm_server/include/rm_server/rm_server/msg
[2.070s] -- Installing: /home/arcyfields/ros2/ros2_ws/install/rm_server/include/rm_server/rm_server/msg/rosidl_typesupport_fastrtps_c__visibility_control.h
[2.070s] -- Up-to-date: /home/arcyfields/ros2/ros2_ws/install/rm_server/include/rm_server/rm_server/msg/detail
[2.070s] -- Installing: /home/arcyfields/ros2/ros2_ws/install/rm_server/include/rm_server/rm_server/msg/detail/get_el_gamal_params__rosidl_typesupport_fastrtps_c.h
[2.070s] -- Installing: /home/arcyfields/ros2/ros2_ws/install/rm_server/lib/librm_server__rosidl_typesupport_fastrtps_c.so
[2.071s] -- Set runtime path of "/home/arcyfields/ros2/ros2_ws/install/rm_server/lib/librm_server__rosidl_typesupport_fastrtps_c.so" to ""
[2.071s] -- Up-to-date: /home/arcyfields/ros2/ros2_ws/install/rm_server/include/rm_server/rm_server
[2.071s] -- Up-to-date: /home/arcyfields/ros2/ros2_ws/install/rm_server/include/rm_server/rm_server/msg
[2.071s] -- Installing: /home/arcyfields/ros2/ros2_ws/install/rm_server/include/rm_server/rm_server/msg/rosidl_typesupport_introspection_c__visibility_control.h
[2.071s] -- Up-to-date: /home/arcyfields/ros2/ros2_ws/install/rm_server/include/rm_server/rm_server/msg/detail
[2.071s] -- Installing: /home/arcyfields/ros2/ros2_ws/install/rm_server/include/rm_server/rm_server/msg/detail/get_el_gamal_params__type_support.c
[2.071s] -- Installing: /home/arcyfields/ros2/ros2_ws/install/rm_server/include/rm_server/rm_server/msg/detail/get_el_gamal_params__rosidl_typesupport_introspection_c.h
[2.071s] -- Installing: /home/arcyfields/ros2/ros2_ws/install/rm_server/lib/librm_server__rosidl_typesupport_introspection_c.so
[2.071s] -- Set runtime path of "/home/arcyfields/ros2/ros2_ws/install/rm_server/lib/librm_server__rosidl_typesupport_introspection_c.so" to ""
[2.071s] -- Installing: /home/arcyfields/ros2/ros2_ws/install/rm_server/lib/librm_server__rosidl_typesupport_c.so
[2.072s] -- Set runtime path of "/home/arcyfields/ros2/ros2_ws/install/rm_server/lib/librm_server__rosidl_typesupport_c.so" to ""
[2.072s] -- Up-to-date: /home/arcyfields/ros2/ros2_ws/install/rm_server/include/rm_server/rm_server
[2.072s] -- Up-to-date: /home/arcyfields/ros2/ros2_ws/install/rm_server/include/rm_server/rm_server/msg
[2.072s] -- Installing: /home/arcyfields/ros2/ros2_ws/install/rm_server/include/rm_server/rm_server/msg/get_el_gamal_params.hpp
[2.072s] -- Up-to-date: /home/arcyfields/ros2/ros2_ws/install/rm_server/include/rm_server/rm_server/msg/detail
[2.072s] -- Installing: /home/arcyfields/ros2/ros2_ws/install/rm_server/include/rm_server/rm_server/msg/detail/get_el_gamal_params__type_support.hpp
[2.072s] -- Installing: /home/arcyfields/ros2/ros2_ws/install/rm_server/include/rm_server/rm_server/msg/detail/get_el_gamal_params__traits.hpp
[2.072s] -- Installing: /home/arcyfields/ros2/ros2_ws/install/rm_server/include/rm_server/rm_server/msg/detail/get_el_gamal_params__builder.hpp
[2.072s] -- Installing: /home/arcyfields/ros2/ros2_ws/install/rm_server/include/rm_server/rm_server/msg/detail/get_el_gamal_params__struct.hpp
[2.072s] -- Installing: /home/arcyfields/ros2/ros2_ws/install/rm_server/include/rm_server/rm_server/msg/rosidl_generator_cpp__visibility_control.hpp
[2.072s] -- Up-to-date: /home/arcyfields/ros2/ros2_ws/install/rm_server/include/rm_server/rm_server
[2.073s] -- Up-to-date: /home/arcyfields/ros2/ros2_ws/install/rm_server/include/rm_server/rm_server/msg
[2.073s] -- Up-to-date: /home/arcyfields/ros2/ros2_ws/install/rm_server/include/rm_server/rm_server/msg/detail
[2.073s] -- Installing: /home/arcyfields/ros2/ros2_ws/install/rm_server/include/rm_server/rm_server/msg/detail/get_el_gamal_params__rosidl_typesupport_fastrtps_cpp.hpp
[2.073s] -- Installing: /home/arcyfields/ros2/ros2_ws/install/rm_server/include/rm_server/rm_server/msg/detail/dds_fastrtps
[2.073s] -- Installing: /home/arcyfields/ros2/ros2_ws/install/rm_server/include/rm_server/rm_server/msg/rosidl_typesupport_fastrtps_cpp__visibility_control.h
[2.073s] -- Installing: /home/arcyfields/ros2/ros2_ws/install/rm_server/lib/librm_server__rosidl_typesupport_fastrtps_cpp.so
[2.073s] -- Set runtime path of "/home/arcyfields/ros2/ros2_ws/install/rm_server/lib/librm_server__rosidl_typesupport_fastrtps_cpp.so" to ""
[2.073s] -- Up-to-date: /home/arcyfields/ros2/ros2_ws/install/rm_server/include/rm_server/rm_server
[2.073s] -- Up-to-date: /home/arcyfields/ros2/ros2_ws/install/rm_server/include/rm_server/rm_server/msg
[2.073s] -- Up-to-date: /home/arcyfields/ros2/ros2_ws/install/rm_server/include/rm_server/rm_server/msg/detail
[2.073s] -- Installing: /home/arcyfields/ros2/ros2_ws/install/rm_server/include/rm_server/rm_server/msg/detail/get_el_gamal_params__rosidl_typesupport_introspection_cpp.hpp
[2.073s] -- Installing: /home/arcyfields/ros2/ros2_ws/install/rm_server/include/rm_server/rm_server/msg/detail/get_el_gamal_params__type_support.cpp
[2.073s] -- Installing: /home/arcyfields/ros2/ros2_ws/install/rm_server/lib/librm_server__rosidl_typesupport_introspection_cpp.so
[2.074s] -- Set runtime path of "/home/arcyfields/ros2/ros2_ws/install/rm_server/lib/librm_server__rosidl_typesupport_introspection_cpp.so" to ""
[2.074s] -- Installing: /home/arcyfields/ros2/ros2_ws/install/rm_server/lib/librm_server__rosidl_typesupport_cpp.so
[2.074s] -- Set runtime path of "/home/arcyfields/ros2/ros2_ws/install/rm_server/lib/librm_server__rosidl_typesupport_cpp.so" to ""
[2.074s] -- Installing: /home/arcyfields/ros2/ros2_ws/install/rm_server/share/rm_server/environment/pythonpath.sh
[2.074s] -- Installing: /home/arcyfields/ros2/ros2_ws/install/rm_server/share/rm_server/environment/pythonpath.dsv
[2.074s] -- Installing: /home/arcyfields/ros2/ros2_ws/install/rm_server/local/lib/python3.10/dist-packages/rm_server-0.0.0-py3.10.egg-info
[2.074s] -- Installing: /home/arcyfields/ros2/ros2_ws/install/rm_server/local/lib/python3.10/dist-packages/rm_server-0.0.0-py3.10.egg-info/PKG-INFO
[2.074s] -- Installing: /home/arcyfields/ros2/ros2_ws/install/rm_server/local/lib/python3.10/dist-packages/rm_server-0.0.0-py3.10.egg-info/dependency_links.txt
[2.074s] -- Installing: /home/arcyfields/ros2/ros2_ws/install/rm_server/local/lib/python3.10/dist-packages/rm_server-0.0.0-py3.10.egg-info/top_level.txt
[2.074s] -- Installing: /home/arcyfields/ros2/ros2_ws/install/rm_server/local/lib/python3.10/dist-packages/rm_server-0.0.0-py3.10.egg-info/SOURCES.txt
[2.074s] -- Installing: /home/arcyfields/ros2/ros2_ws/install/rm_server/local/lib/python3.10/dist-packages/rm_server
[2.075s] -- Installing: /home/arcyfields/ros2/ros2_ws/install/rm_server/local/lib/python3.10/dist-packages/rm_server/__init__.py
[2.075s] -- Installing: /home/arcyfields/ros2/ros2_ws/install/rm_server/local/lib/python3.10/dist-packages/rm_server/_rm_server_s.ep.rosidl_typesupport_c.c
[2.075s] -- Installing: /home/arcyfields/ros2/ros2_ws/install/rm_server/local/lib/python3.10/dist-packages/rm_server/_rm_server_s.ep.rosidl_typesupport_fastrtps_c.c
[2.075s] -- Installing: /home/arcyfields/ros2/ros2_ws/install/rm_server/local/lib/python3.10/dist-packages/rm_server/rm_server_s__rosidl_typesupport_c.cpython-310-x86_64-linux-gnu.so
[2.075s] -- Installing: /home/arcyfields/ros2/ros2_ws/install/rm_server/local/lib/python3.10/dist-packages/rm_server/_rm_server_s.ep.rosidl_typesupport_introspection_c.c
[2.075s] -- Installing: /home/arcyfields/ros2/ros2_ws/install/rm_server/local/lib/python3.10/dist-packages/rm_server/rm_server_s__rosidl_typesupport_fastrtps_c.cpython-310-x86_64-linux-gnu.so
[2.075s] -- Installing: /home/arcyfields/ros2/ros2_ws/install/rm_server/local/lib/python3.10/dist-packages/rm_server/librm_server__rosidl_generator_py.so
[2.075s] -- Installing: /home/arcyfields/ros2/ros2_ws/install/rm_server/local/lib/python3.10/dist-packages/rm_server/msg
[2.075s] -- Installing: /home/arcyfields/ros2/ros2_ws/install/rm_server/local/lib/python3.10/dist-packages/rm_server/msg/__init__.py
[2.075s] -- Installing: /home/arcyfields/ros2/ros2_ws/install/rm_server/local/lib/python3.10/dist-packages/rm_server/msg/_get_el_gamal_params.py
[2.075s] -- Installing: /home/arcyfields/ros2/ros2_ws/install/rm_server/local/lib/python3.10/dist-packages/rm_server/msg/_get_el_gamal_params_s.c
[2.075s] -- Installing: /home/arcyfields/ros2/ros2_ws/install/rm_server/local/lib/python3.10/dist-packages/rm_server/rm_server_s__rosidl_typesupport_introspection_c.cpython-310-x86_64-linux-gnu.so
[2.108s] Listing '/home/arcyfields/ros2/ros2_ws/install/rm_server/local/lib/python3.10/dist-packages/rm_server'...
[2.108s] Compiling '/home/arcyfields/ros2/ros2_ws/install/rm_server/local/lib/python3.10/dist-packages/rm_server/__init__.py'...
[2.108s] Listing '/home/arcyfields/ros2/ros2_ws/install/rm_server/local/lib/python3.10/dist-packages/rm_server/msg'...
[2.108s] Compiling '/home/arcyfields/ros2/ros2_ws/install/rm_server/local/lib/python3.10/dist-packages/rm_server/msg/__init__.py'...
[2.108s] Compiling '/home/arcyfields/ros2/ros2_ws/install/rm_server/local/lib/python3.10/dist-packages/rm_server/msg/_get_el_gamal_params.py'...
[2.111s] -- Installing: /home/arcyfields/ros2/ros2_ws/install/rm_server/local/lib/python3.10/dist-packages/rm_server/rm_server_s__rosidl_typesupport_fastrtps_c.cpython-310-x86_64-linux-gnu.so
[2.111s] -- Set runtime path of "/home/arcyfields/ros2/ros2_ws/install/rm_server/local/lib/python3.10/dist-packages/rm_server/rm_server_s__rosidl_typesupport_fastrtps_c.cpython-310-x86_64-linux-gnu.so" to ""
[2.111s] -- Installing: /home/arcyfields/ros2/ros2_ws/install/rm_server/local/lib/python3.10/dist-packages/rm_server/rm_server_s__rosidl_typesupport_introspection_c.cpython-310-x86_64-linux-gnu.so
[2.111s] -- Set runtime path of "/home/arcyfields/ros2/ros2_ws/install/rm_server/local/lib/python3.10/dist-packages/rm_server/rm_server_s__rosidl_typesupport_introspection_c.cpython-310-x86_64-linux-gnu.so" to ""
[2.112s] -- Installing: /home/arcyfields/ros2/ros2_ws/install/rm_server/local/lib/python3.10/dist-packages/rm_server/rm_server_s__rosidl_typesupport_c.cpython-310-x86_64-linux-gnu.so
[2.112s] -- Set runtime path of "/home/arcyfields/ros2/ros2_ws/install/rm_server/local/lib/python3.10/dist-packages/rm_server/rm_server_s__rosidl_typesupport_c.cpython-310-x86_64-linux-gnu.so" to ""
[2.112s] -- Installing: /home/arcyfields/ros2/ros2_ws/install/rm_server/lib/librm_server__rosidl_generator_py.so
[2.112s] -- Set runtime path of "/home/arcyfields/ros2/ros2_ws/install/rm_server/lib/librm_server__rosidl_generator_py.so" to ""
[2.112s] -- Installing: /home/arcyfields/ros2/ros2_ws/install/rm_server/share/rm_server/msg/GetElGamalParams.idl
[2.112s] -- Installing: /home/arcyfields/ros2/ros2_ws/install/rm_server/share/rm_server/msg/GetElGamalParams.msg
[2.112s] -- Installing: /home/arcyfields/ros2/ros2_ws/install/rm_server/share/ament_index/resource_index/package_run_dependencies/rm_server
[2.112s] -- Installing: /home/arcyfields/ros2/ros2_ws/install/rm_server/share/ament_index/resource_index/parent_prefix_path/rm_server
[2.112s] -- Installing: /home/arcyfields/ros2/ros2_ws/install/rm_server/share/rm_server/environment/ament_prefix_path.sh
[2.112s] -- Installing: /home/arcyfields/ros2/ros2_ws/install/rm_server/share/rm_server/environment/ament_prefix_path.dsv
[2.112s] -- Installing: /home/arcyfields/ros2/ros2_ws/install/rm_server/share/rm_server/environment/path.sh
[2.112s] -- Installing: /home/arcyfields/ros2/ros2_ws/install/rm_server/share/rm_server/environment/path.dsv
[2.112s] -- Installing: /home/arcyfields/ros2/ros2_ws/install/rm_server/share/rm_server/local_setup.bash
[2.112s] -- Installing: /home/arcyfields/ros2/ros2_ws/install/rm_server/share/rm_server/local_setup.sh
[2.112s] -- Installing: /home/arcyfields/ros2/ros2_ws/install/rm_server/share/rm_server/local_setup.zsh
[2.112s] -- Installing: /home/arcyfields/ros2/ros2_ws/install/rm_server/share/rm_server/local_setup.dsv
[2.112s] -- Installing: /home/arcyfields/ros2/ros2_ws/install/rm_server/share/rm_server/package.dsv
[2.112s] -- Installing: /home/arcyfields/ros2/ros2_ws/install/rm_server/share/ament_index/resource_index/packages/rm_server
[2.113s] -- Installing: /home/arcyfields/ros2/ros2_ws/install/rm_server/share/rm_server/cmake/export_rm_server__rosidl_generator_cExport.cmake
[2.113s] -- Installing: /home/arcyfields/ros2/ros2_ws/install/rm_server/share/rm_server/cmake/export_rm_server__rosidl_generator_cExport-noconfig.cmake
[2.113s] -- Installing: /home/arcyfields/ros2/ros2_ws/install/rm_server/share/rm_server/cmake/export_rm_server__rosidl_typesupport_fastrtps_cExport.cmake
[2.113s] -- Installing: /home/arcyfields/ros2/ros2_ws/install/rm_server/share/rm_server/cmake/export_rm_server__rosidl_typesupport_fastrtps_cExport-noconfig.cmake
[2.113s] -- Installing: /home/arcyfields/ros2/ros2_ws/install/rm_server/share/rm_server/cmake/rm_server__rosidl_typesupport_introspection_cExport.cmake
[2.113s] -- Installing: /home/arcyfields/ros2/ros2_ws/install/rm_server/share/rm_server/cmake/rm_server__rosidl_typesupport_introspection_cExport-noconfig.cmake
[2.113s] -- Installing: /home/arcyfields/ros2/ros2_ws/install/rm_server/share/rm_server/cmake/rm_server__rosidl_typesupport_cExport.cmake
[2.113s] -- Installing: /home/arcyfields/ros2/ros2_ws/install/rm_server/share/rm_server/cmake/rm_server__rosidl_typesupport_cExport-noconfig.cmake
[2.113s] -- Installing: /home/arcyfields/ros2/ros2_ws/install/rm_server/share/rm_server/cmake/export_rm_server__rosidl_generator_cppExport.cmake
[2.113s] -- Installing: /home/arcyfields/ros2/ros2_ws/install/rm_server/share/rm_server/cmake/export_rm_server__rosidl_typesupport_fastrtps_cppExport.cmake
[2.113s] -- Installing: /home/arcyfields/ros2/ros2_ws/install/rm_server/share/rm_server/cmake/export_rm_server__rosidl_typesupport_fastrtps_cppExport-noconfig.cmake
[2.113s] -- Installing: /home/arcyfields/ros2/ros2_ws/install/rm_server/share/rm_server/cmake/rm_server__rosidl_typesupport_introspection_cppExport.cmake
[2.113s] -- Installing: /home/arcyfields/ros2/ros2_ws/install/rm_server/share/rm_server/cmake/rm_server__rosidl_typesupport_introspection_cppExport-noconfig.cmake
[2.113s] -- Installing: /home/arcyfields/ros2/ros2_ws/install/rm_server/share/rm_server/cmake/rm_server__rosidl_typesupport_cppExport.cmake
[2.114s] -- Installing: /home/arcyfields/ros2/ros2_ws/install/rm_server/share/rm_server/cmake/rm_server__rosidl_typesupport_cppExport-noconfig.cmake
[2.114s] -- Installing: /home/arcyfields/ros2/ros2_ws/install/rm_server/share/rm_server/cmake/export_rm_server__rosidl_generator_pyExport.cmake
[2.114s] -- Installing: /home/arcyfields/ros2/ros2_ws/install/rm_server/share/rm_server/cmake/export_rm_server__rosidl_generator_pyExport-noconfig.cmake
[2.114s] -- Installing: /home/arcyfields/ros2/ros2_ws/install/rm_server/share/rm_server/cmake/rosidl_cmake-extras.cmake
[2.114s] -- Installing: /home/arcyfields/ros2/ros2_ws/install/rm_server/share/rm_server/cmake/ament_cmake_export_include_directories-extras.cmake
[2.114s] -- Installing: /home/arcyfields/ros2/ros2_ws/install/rm_server/share/rm_server/cmake/ament_cmake_export_libraries-extras.cmake
[2.114s] -- Installing: /home/arcyfields/ros2/ros2_ws/install/rm_server/share/rm_server/cmake/ament_cmake_export_targets-extras.cmake
[2.114s] -- Installing: /home/arcyfields/ros2/ros2_ws/install/rm_server/share/rm_server/cmake/rosidl_cmake_export_typesupport_targets-extras.cmake
[2.114s] -- Installing: /home/arcyfields/ros2/ros2_ws/install/rm_server/share/rm_server/cmake/ament_cmake_export_dependencies-extras.cmake
[2.114s] -- Installing: /home/arcyfields/ros2/ros2_ws/install/rm_server/share/rm_server/cmake/rosidl_cmake_export_typesupport_libraries-extras.cmake
[2.114s] -- Installing: /home/arcyfields/ros2/ros2_ws/install/rm_server/share/rm_server/cmake/rm_serverConfig.cmake
[2.114s] -- Installing: /home/arcyfields/ros2/ros2_ws/install/rm_server/share/rm_server/cmake/rm_serverConfig-version.cmake
[2.114s] -- Installing: /home/arcyfields/ros2/ros2_ws/install/rm_server/share/rm_server/package.xml
[2.116s] Invoked command in '/home/arcyfields/ros2/ros2_ws/build/rm_server' returned '0': CMAKE_PREFIX_PATH=${CMAKE_PREFIX_PATH}:/opt/ros/humble /usr/bin/cmake --install /home/arcyfields/ros2/ros2_ws/build/rm_server
