[0.010s] Invoking command in '/home/arcyfields/ros2/ros2_ws/build/calculating_client': CMAKE_PREFIX_PATH=${CMAKE_PREFIX_PATH}:/opt/ros/humble /usr/bin/cmake --build /home/arcyfields/ros2/ros2_ws/build/calculating_client -- -j32 -l32
[0.064s] [35m[1mConsolidate compiler generated dependencies of target client[0m
[0.082s] [ 50%] [32mBuilding CXX object CMakeFiles/client.dir/src/calculating.cpp.o[0m
[5.326s] [100%] [32m[1mLinking CXX executable client[0m
[5.599s] [100%] Built target client
[5.609s] Invoked command in '/home/arcyfields/ros2/ros2_ws/build/calculating_client' returned '0': CMAKE_PREFIX_PATH=${CMAKE_PREFIX_PATH}:/opt/ros/humble /usr/bin/cmake --build /home/arcyfields/ros2/ros2_ws/build/calculating_client -- -j32 -l32
[5.615s] Invoking command in '/home/arcyfields/ros2/ros2_ws/build/calculating_client': CMAKE_PREFIX_PATH=${CMAKE_PREFIX_PATH}:/opt/ros/humble /usr/bin/cmake --install /home/arcyfields/ros2/ros2_ws/build/calculating_client
[5.622s] -- Install configuration: ""
[5.622s] -- Installing: /home/arcyfields/ros2/ros2_ws/install/calculating_client/lib/calculating_client/client
[5.624s] -- Set runtime path of "/home/arcyfields/ros2/ros2_ws/install/calculating_client/lib/calculating_client/client" to ""
[5.624s] -- Up-to-date: /home/arcyfields/ros2/ros2_ws/install/calculating_client/share/ament_index/resource_index/package_run_dependencies/calculating_client
[5.624s] -- Up-to-date: /home/arcyfields/ros2/ros2_ws/install/calculating_client/share/ament_index/resource_index/parent_prefix_path/calculating_client
[5.624s] -- Up-to-date: /home/arcyfields/ros2/ros2_ws/install/calculating_client/share/calculating_client/environment/ament_prefix_path.sh
[5.624s] -- Up-to-date: /home/arcyfields/ros2/ros2_ws/install/calculating_client/share/calculating_client/environment/ament_prefix_path.dsv
[5.624s] -- Up-to-date: /home/arcyfields/ros2/ros2_ws/install/calculating_client/share/calculating_client/environment/path.sh
[5.624s] -- Up-to-date: /home/arcyfields/ros2/ros2_ws/install/calculating_client/share/calculating_client/environment/path.dsv
[5.624s] -- Up-to-date: /home/arcyfields/ros2/ros2_ws/install/calculating_client/share/calculating_client/local_setup.bash
[5.624s] -- Up-to-date: /home/arcyfields/ros2/ros2_ws/install/calculating_client/share/calculating_client/local_setup.sh
[5.624s] -- Up-to-date: /home/arcyfields/ros2/ros2_ws/install/calculating_client/share/calculating_client/local_setup.zsh
[5.624s] -- Up-to-date: /home/arcyfields/ros2/ros2_ws/install/calculating_client/share/calculating_client/local_setup.dsv
[5.625s] -- Installing: /home/arcyfields/ros2/ros2_ws/install/calculating_client/share/calculating_client/package.dsv
[5.625s] -- Up-to-date: /home/arcyfields/ros2/ros2_ws/install/calculating_client/share/ament_index/resource_index/packages/calculating_client
[5.625s] -- Up-to-date: /home/arcyfields/ros2/ros2_ws/install/calculating_client/share/calculating_client/cmake/calculating_clientConfig.cmake
[5.625s] -- Up-to-date: /home/arcyfields/ros2/ros2_ws/install/calculating_client/share/calculating_client/cmake/calculating_clientConfig-version.cmake
[5.625s] -- Up-to-date: /home/arcyfields/ros2/ros2_ws/install/calculating_client/share/calculating_client/package.xml
[5.626s] Invoked command in '/home/arcyfields/ros2/ros2_ws/build/calculating_client' returned '0': CMAKE_PREFIX_PATH=${CMAKE_PREFIX_PATH}:/opt/ros/humble /usr/bin/cmake --install /home/arcyfields/ros2/ros2_ws/build/calculating_client
