[0.010s] Invoking command in '/home/arcyfields/ros2/homework_ws/build/homework': CMAKE_PREFIX_PATH=/opt/ros/humble /usr/bin/cmake --build /home/arcyfields/ros2/homework_ws/build/homework -- -j32 -l32
[0.090s] [35m[1mConsolidate compiler generated dependencies of target main_node[0m
[0.118s] [ 25%] [32mBuilding CXX object CMakeFiles/main_node.dir/src/main.cpp.o[0m
[0.119s] [ 50%] [32mBuilding CXX object CMakeFiles/main_node.dir/src/kalman_filter_and_smth_else.cpp.o[0m
[6.193s] [ 75%] [32m[1mLinking CXX executable main_node[0m
[6.735s] [100%] Built target main_node
[6.745s] Invoked command in '/home/arcyfields/ros2/homework_ws/build/homework' returned '0': CMAKE_PREFIX_PATH=/opt/ros/humble /usr/bin/cmake --build /home/arcyfields/ros2/homework_ws/build/homework -- -j32 -l32
[6.758s] Invoking command in '/home/arcyfields/ros2/homework_ws/build/homework': CMAKE_PREFIX_PATH=/opt/ros/humble /usr/bin/cmake --install /home/arcyfields/ros2/homework_ws/build/homework
[6.769s] -- Install configuration: ""
[6.770s] -- Installing: /home/arcyfields/ros2/homework_ws/install/homework/lib/homework/main_node
[6.775s] -- Set runtime path of "/home/arcyfields/ros2/homework_ws/install/homework/lib/homework/main_node" to ""
[6.775s] -- Up-to-date: /home/arcyfields/ros2/homework_ws/install/homework/share/ament_index/resource_index/package_run_dependencies/homework
[6.775s] -- Up-to-date: /home/arcyfields/ros2/homework_ws/install/homework/share/ament_index/resource_index/parent_prefix_path/homework
[6.775s] -- Up-to-date: /home/arcyfields/ros2/homework_ws/install/homework/share/homework/environment/ament_prefix_path.sh
[6.775s] -- Up-to-date: /home/arcyfields/ros2/homework_ws/install/homework/share/homework/environment/ament_prefix_path.dsv
[6.776s] -- Up-to-date: /home/arcyfields/ros2/homework_ws/install/homework/share/homework/environment/path.sh
[6.776s] -- Up-to-date: /home/arcyfields/ros2/homework_ws/install/homework/share/homework/environment/path.dsv
[6.776s] -- Up-to-date: /home/arcyfields/ros2/homework_ws/install/homework/share/homework/local_setup.bash
[6.776s] -- Up-to-date: /home/arcyfields/ros2/homework_ws/install/homework/share/homework/local_setup.sh
[6.776s] -- Up-to-date: /home/arcyfields/ros2/homework_ws/install/homework/share/homework/local_setup.zsh
[6.776s] -- Up-to-date: /home/arcyfields/ros2/homework_ws/install/homework/share/homework/local_setup.dsv
[6.776s] -- Installing: /home/arcyfields/ros2/homework_ws/install/homework/share/homework/package.dsv
[6.776s] -- Up-to-date: /home/arcyfields/ros2/homework_ws/install/homework/share/ament_index/resource_index/packages/homework
[6.776s] -- Up-to-date: /home/arcyfields/ros2/homework_ws/install/homework/share/homework/cmake/homeworkConfig.cmake
[6.776s] -- Up-to-date: /home/arcyfields/ros2/homework_ws/install/homework/share/homework/cmake/homeworkConfig-version.cmake
[6.776s] -- Up-to-date: /home/arcyfields/ros2/homework_ws/install/homework/share/homework/package.xml
[6.779s] Invoked command in '/home/arcyfields/ros2/homework_ws/build/homework' returned '0': CMAKE_PREFIX_PATH=/opt/ros/humble /usr/bin/cmake --install /home/arcyfields/ros2/homework_ws/build/homework
