[35m[1mConsolidate compiler generated dependencies of target client[0m
[ 50%] [32mBuilding CXX object CMakeFiles/client.dir/src/calculating.cpp.o[0m
[100%] [32m[1mLinking CXX executable client[0m
[100%] Built target client
-- Install configuration: ""
-- Installing: /home/arcyfields/ros2/ros2_ws/install/calculating_client/lib/calculating_client/client
-- Set runtime path of "/home/arcyfields/ros2/ros2_ws/install/calculating_client/lib/calculating_client/client" to ""
-- Up-to-date: /home/arcyfields/ros2/ros2_ws/install/calculating_client/share/ament_index/resource_index/package_run_dependencies/calculating_client
-- Up-to-date: /home/arcyfields/ros2/ros2_ws/install/calculating_client/share/ament_index/resource_index/parent_prefix_path/calculating_client
-- Up-to-date: /home/arcyfields/ros2/ros2_ws/install/calculating_client/share/calculating_client/environment/ament_prefix_path.sh
-- Up-to-date: /home/arcyfields/ros2/ros2_ws/install/calculating_client/share/calculating_client/environment/ament_prefix_path.dsv
-- Up-to-date: /home/arcyfields/ros2/ros2_ws/install/calculating_client/share/calculating_client/environment/path.sh
-- Up-to-date: /home/arcyfields/ros2/ros2_ws/install/calculating_client/share/calculating_client/environment/path.dsv
-- Up-to-date: /home/arcyfields/ros2/ros2_ws/install/calculating_client/share/calculating_client/local_setup.bash
-- Up-to-date: /home/arcyfields/ros2/ros2_ws/install/calculating_client/share/calculating_client/local_setup.sh
-- Up-to-date: /home/arcyfields/ros2/ros2_ws/install/calculating_client/share/calculating_client/local_setup.zsh
-- Up-to-date: /home/arcyfields/ros2/ros2_ws/install/calculating_client/share/calculating_client/local_setup.dsv
-- Installing: /home/arcyfields/ros2/ros2_ws/install/calculating_client/share/calculating_client/package.dsv
-- Up-to-date: /home/arcyfields/ros2/ros2_ws/install/calculating_client/share/ament_index/resource_index/packages/calculating_client
-- Up-to-date: /home/arcyfields/ros2/ros2_ws/install/calculating_client/share/calculating_client/cmake/calculating_clientConfig.cmake
-- Up-to-date: /home/arcyfields/ros2/ros2_ws/install/calculating_client/share/calculating_client/cmake/calculating_clientConfig-version.cmake
-- Up-to-date: /home/arcyfields/ros2/ros2_ws/install/calculating_client/share/calculating_client/package.xml
